{"/home/travis/build/npmtest/node-npmtest-replay/test.js":{"path":"/home/travis/build/npmtest/node-npmtest-replay/test.js","s":{"1":2,"2":2,"3":2,"4":2,"5":2,"6":2,"7":2,"8":1,"9":2,"10":2,"11":1,"12":1,"13":1,"14":1,"15":2,"16":2,"17":2,"18":2,"19":1,"20":1,"21":2,"22":2,"23":2,"24":1,"25":1,"26":1,"27":1,"28":1,"29":1,"30":1,"31":1,"32":1,"33":1,"34":1,"35":1,"36":1,"37":1,"38":1,"39":2,"40":2,"41":1,"42":2,"43":2,"44":1,"45":2,"46":2,"47":1,"48":2,"49":2,"50":1,"51":1,"52":1,"53":1,"54":1},"b":{"1":[2,1,1,1],"2":[1,1,1,1],"3":[1,1],"4":[1,1],"5":[1,1],"6":[1,1],"7":[1,1],"8":[1,1],"9":[1,1],"10":[1,1,1],"11":[1,1],"12":[1,1],"13":[1,1],"14":[1,1],"15":[1,1],"16":[1,1],"17":[1,1]},"f":{"1":2,"2":2,"3":2,"4":2,"5":2,"6":1,"7":1,"8":1,"9":2,"10":2,"11":2,"12":2,"13":1},"fnMap":{"1":{"name":"(anonymous_1)","line":12,"loc":{"start":{"line":12,"column":1},"end":{"line":12,"column":13}}},"2":{"name":"(anonymous_2)","line":19,"loc":{"start":{"line":19,"column":5},"end":{"line":19,"column":17}}},"3":{"name":"(anonymous_3)","line":23,"loc":{"start":{"line":23,"column":24},"end":{"line":23,"column":36}}},"4":{"name":"(anonymous_4)","line":61,"loc":{"start":{"line":61,"column":5},"end":{"line":61,"column":17}}},"5":{"name":"(anonymous_5)","line":82,"loc":{"start":{"line":82,"column":5},"end":{"line":82,"column":17}}},"6":{"name":"(anonymous_6)","line":91,"loc":{"start":{"line":91,"column":77},"end":{"line":94,"column":10}}},"7":{"name":"(anonymous_7)","line":112,"loc":{"start":{"line":112,"column":83},"end":{"line":115,"column":10}},"skip":true},"8":{"name":"(anonymous_8)","line":123,"loc":{"start":{"line":123,"column":77},"end":{"line":126,"column":10}},"skip":true},"9":{"name":"(anonymous_9)","line":139,"loc":{"start":{"line":139,"column":12},"end":{"line":139,"column":40}},"skip":true},"10":{"name":"(anonymous_10)","line":147,"loc":{"start":{"line":147,"column":77},"end":{"line":150,"column":10}},"skip":true},"11":{"name":"(anonymous_11)","line":158,"loc":{"start":{"line":158,"column":83},"end":{"line":161,"column":10}},"skip":true},"12":{"name":"(anonymous_12)","line":169,"loc":{"start":{"line":169,"column":79},"end":{"line":172,"column":10}},"skip":true},"13":{"name":"(anonymous_13)","line":180,"loc":{"start":{"line":180,"column":75},"end":{"line":183,"column":10}},"skip":true}},"statementMap":{"1":{"start":{"line":12,"column":0},"end":{"line":195,"column":5}},"2":{"start":{"line":14,"column":4},"end":{"line":14,"column":14}},"3":{"start":{"line":19,"column":4},"end":{"line":56,"column":9}},"4":{"start":{"line":21,"column":8},"end":{"line":21,"column":19}},"5":{"start":{"line":23,"column":8},"end":{"line":35,"column":13}},"6":{"start":{"line":24,"column":12},"end":{"line":34,"column":13}},"7":{"start":{"line":25,"column":16},"end":{"line":28,"column":30}},"8":{"start":{"line":30,"column":16},"end":{"line":33,"column":27}},"9":{"start":{"line":37,"column":8},"end":{"line":39,"column":21}},"10":{"start":{"line":40,"column":8},"end":{"line":53,"column":9}},"11":{"start":{"line":43,"column":12},"end":{"line":46,"column":14}},"12":{"start":{"line":47,"column":12},"end":{"line":47,"column":18}},"13":{"start":{"line":50,"column":12},"end":{"line":51,"column":33}},"14":{"start":{"line":52,"column":12},"end":{"line":52,"column":18}},"15":{"start":{"line":55,"column":8},"end":{"line":55,"column":35}},"16":{"start":{"line":61,"column":4},"end":{"line":63,"column":9}},"17":{"start":{"line":62,"column":8},"end":{"line":62,"column":15}},"18":{"start":{"line":64,"column":4},"end":{"line":77,"column":5}},"19":{"start":{"line":70,"column":8},"end":{"line":70,"column":14}},"20":{"start":{"line":76,"column":8},"end":{"line":76,"column":14}},"21":{"start":{"line":82,"column":4},"end":{"line":84,"column":9}},"22":{"start":{"line":83,"column":8},"end":{"line":83,"column":15}},"23":{"start":{"line":85,"column":4},"end":{"line":194,"column":5}},"24":{"start":{"line":91,"column":8},"end":{"line":99,"column":10}},"25":{"start":{"line":98,"column":12},"end":{"line":98,"column":35}},"26":{"start":{"line":102,"column":8},"end":{"line":104,"column":63}},"27":{"start":{"line":105,"column":8},"end":{"line":105,"column":14}},"28":{"start":{"line":112,"column":8},"end":{"line":121,"column":10},"skip":true},"29":{"start":{"line":119,"column":12},"end":{"line":119,"column":55},"skip":true},"30":{"start":{"line":120,"column":12},"end":{"line":120,"column":48},"skip":true},"31":{"start":{"line":123,"column":8},"end":{"line":136,"column":10},"skip":true},"32":{"start":{"line":130,"column":12},"end":{"line":130,"column":76},"skip":true},"33":{"start":{"line":131,"column":12},"end":{"line":131,"column":73},"skip":true},"34":{"start":{"line":132,"column":12},"end":{"line":132,"column":74},"skip":true},"35":{"start":{"line":133,"column":12},"end":{"line":133,"column":79},"skip":true},"36":{"start":{"line":134,"column":12},"end":{"line":134,"column":25},"skip":true},"37":{"start":{"line":135,"column":12},"end":{"line":135,"column":45},"skip":true},"38":{"start":{"line":138,"column":8},"end":{"line":145,"column":14},"skip":true},"39":{"start":{"line":143,"column":16},"end":{"line":143,"column":29},"skip":true},"40":{"start":{"line":144,"column":16},"end":{"line":144,"column":55},"skip":true},"41":{"start":{"line":147,"column":8},"end":{"line":156,"column":10},"skip":true},"42":{"start":{"line":154,"column":12},"end":{"line":154,"column":25},"skip":true},"43":{"start":{"line":155,"column":12},"end":{"line":155,"column":45},"skip":true},"44":{"start":{"line":158,"column":8},"end":{"line":167,"column":10},"skip":true},"45":{"start":{"line":165,"column":12},"end":{"line":165,"column":25},"skip":true},"46":{"start":{"line":166,"column":12},"end":{"line":166,"column":48},"skip":true},"47":{"start":{"line":169,"column":8},"end":{"line":178,"column":10},"skip":true},"48":{"start":{"line":176,"column":12},"end":{"line":176,"column":25},"skip":true},"49":{"start":{"line":177,"column":12},"end":{"line":177,"column":46},"skip":true},"50":{"start":{"line":180,"column":8},"end":{"line":189,"column":10},"skip":true},"51":{"start":{"line":187,"column":12},"end":{"line":187,"column":94},"skip":true},"52":{"start":{"line":188,"column":12},"end":{"line":188,"column":48},"skip":true},"53":{"start":{"line":192,"column":8},"end":{"line":192,"column":35},"skip":true},"54":{"start":{"line":193,"column":8},"end":{"line":193,"column":14},"skip":true}},"branchMap":{"1":{"line":25,"type":"binary-expr","locations":[{"start":{"line":25,"column":23},"end":{"line":25,"column":62}},{"start":{"line":26,"column":20},"end":{"line":26,"column":70}},{"start":{"line":27,"column":20},"end":{"line":27,"column":71}},{"start":{"line":28,"column":20},"end":{"line":28,"column":29}}]},"2":{"line":30,"type":"binary-expr","locations":[{"start":{"line":30,"column":23},"end":{"line":30,"column":37}},{"start":{"line":31,"column":20},"end":{"line":31,"column":61}},{"start":{"line":32,"column":20},"end":{"line":32,"column":70}},{"start":{"line":33,"column":20},"end":{"line":33,"column":26}}]},"3":{"line":37,"type":"cond-expr","locations":[{"start":{"line":38,"column":14},"end":{"line":38,"column":20}},{"start":{"line":39,"column":14},"end":{"line":39,"column":20}}]},"4":{"line":40,"type":"switch","locations":[{"start":{"line":42,"column":8},"end":{"line":47,"column":18}},{"start":{"line":49,"column":8},"end":{"line":52,"column":18}}]},"5":{"line":44,"type":"binary-expr","locations":[{"start":{"line":44,"column":16},"end":{"line":44,"column":44}},{"start":{"line":44,"column":48},"end":{"line":44,"column":66}}]},"6":{"line":50,"type":"binary-expr","locations":[{"start":{"line":50,"column":21},"end":{"line":50,"column":49}},{"start":{"line":50,"column":53},"end":{"line":50,"column":72}}]},"7":{"line":64,"type":"switch","locations":[{"start":{"line":69,"column":4},"end":{"line":70,"column":14}},{"start":{"line":75,"column":4},"end":{"line":76,"column":14}}]},"8":{"line":85,"type":"switch","locations":[{"start":{"line":90,"column":4},"end":{"line":105,"column":14}},{"start":{"line":111,"column":4},"end":{"line":193,"column":14},"skip":true}]},"9":{"line":91,"type":"binary-expr","locations":[{"start":{"line":91,"column":42},"end":{"line":91,"column":73}},{"start":{"line":91,"column":77},"end":{"line":99,"column":9}}]},"10":{"line":102,"type":"binary-expr","locations":[{"start":{"line":102,"column":18},"end":{"line":102,"column":32}},{"start":{"line":103,"column":12},"end":{"line":103,"column":53}},{"start":{"line":104,"column":12},"end":{"line":104,"column":61}}]},"11":{"line":112,"type":"binary-expr","locations":[{"start":{"line":112,"column":45},"end":{"line":112,"column":79},"skip":true},{"start":{"line":112,"column":83},"end":{"line":121,"column":9},"skip":true}]},"12":{"line":123,"type":"binary-expr","locations":[{"start":{"line":123,"column":42},"end":{"line":123,"column":73},"skip":true},{"start":{"line":123,"column":77},"end":{"line":136,"column":9},"skip":true}]},"13":{"line":138,"type":"binary-expr","locations":[{"start":{"line":138,"column":48},"end":{"line":138,"column":85},"skip":true},{"start":{"line":139,"column":12},"end":{"line":145,"column":13},"skip":true}]},"14":{"line":147,"type":"binary-expr","locations":[{"start":{"line":147,"column":42},"end":{"line":147,"column":73},"skip":true},{"start":{"line":147,"column":77},"end":{"line":156,"column":9},"skip":true}]},"15":{"line":158,"type":"binary-expr","locations":[{"start":{"line":158,"column":45},"end":{"line":158,"column":79},"skip":true},{"start":{"line":158,"column":83},"end":{"line":167,"column":9},"skip":true}]},"16":{"line":169,"type":"binary-expr","locations":[{"start":{"line":169,"column":43},"end":{"line":169,"column":75},"skip":true},{"start":{"line":169,"column":79},"end":{"line":178,"column":9},"skip":true}]},"17":{"line":180,"type":"binary-expr","locations":[{"start":{"line":180,"column":41},"end":{"line":180,"column":71},"skip":true},{"start":{"line":180,"column":75},"end":{"line":189,"column":9},"skip":true}]}},"code":["/* istanbul instrument in package npmtest_replay */","/*jslint","    bitwise: true,","    browser: true,","    maxerr: 8,","    maxlen: 96,","    node: true,","    nomen: true,","    regexp: true,","    stupid: true","*/","(function () {","    'use strict';","    var local;","","","","    // run shared js-env code - init-before","    (function () {","        // init local","        local = {};","        // init modeJs","        local.modeJs = (function () {","            try {","                return typeof navigator.userAgent === 'string' &&","                    typeof document.querySelector('body') === 'object' &&","                    typeof XMLHttpRequest.prototype.open === 'function' &&","                    'browser';","            } catch (errorCaughtBrowser) {","                return module.exports &&","                    typeof process.versions.node === 'string' &&","                    typeof require('http').createServer === 'function' &&","                    'node';","            }","        }());","        // init global","        local.global = local.modeJs === 'browser'","            ? window","            : global;","        switch (local.modeJs) {","        // re-init local from window.local","        case 'browser':","            local = local.global.utility2.objectSetDefault(","                local.global.utility2_rollup || local.global.local,","                local.global.utility2","            );","            break;","        // re-init local from example.js","        case 'node':","            local = (local.global.utility2_rollup || require('utility2'))","                .requireReadme();","            break;","        }","        // export local","        local.global.local = local;","    }());","","","","    // run shared js-env code - function","    (function () {","        return;","    }());","    switch (local.modeJs) {","","","","    // run browser js-env code - function","    case 'browser':","        break;","","","","    // run node js-env code - function","    case 'node':","        break;","    }","","","","    // run shared js-env code - init-after","    (function () {","        return;","    }());","    switch (local.modeJs) {","","","","    // run browser js-env code - init-after","    case 'browser':","        local.testCase_browser_nullCase = local.testCase_browser_nullCase || function (","            options,","            onError","        ) {","        /*","         * this function will test browsers's null-case handling-behavior-behavior","         */","            onError(null, options);","        };","","        // run tests","        local.nop(local.modeTest &&","            document.querySelector('#testRunButton1') &&","            document.querySelector('#testRunButton1').click());","        break;","","","","    // run node js-env code - init-after","    /* istanbul ignore next */","    case 'node':","        local.testCase_buildApidoc_default = local.testCase_buildApidoc_default || function (","            options,","            onError","        ) {","        /*","         * this function will test buildApidoc's default handling-behavior-behavior","         */","            options = { modulePathList: module.paths };","            local.buildApidoc(options, onError);","        };","","        local.testCase_buildApp_default = local.testCase_buildApp_default || function (","            options,","            onError","        ) {","        /*","         * this function will test buildApp's default handling-behavior-behavior","         */","            local.testCase_buildReadme_default(options, local.onErrorThrow);","            local.testCase_buildLib_default(options, local.onErrorThrow);","            local.testCase_buildTest_default(options, local.onErrorThrow);","            local.testCase_buildCustomOrg_default(options, local.onErrorThrow);","            options = [];","            local.buildApp(options, onError);","        };","","        local.testCase_buildCustomOrg_default = local.testCase_buildCustomOrg_default ||","            function (options, onError) {","            /*","             * this function will test buildCustomOrg's default handling-behavior","             */","                options = {};","                local.buildCustomOrg(options, onError);","            };","","        local.testCase_buildLib_default = local.testCase_buildLib_default || function (","            options,","            onError","        ) {","        /*","         * this function will test buildLib's default handling-behavior","         */","            options = {};","            local.buildLib(options, onError);","        };","","        local.testCase_buildReadme_default = local.testCase_buildReadme_default || function (","            options,","            onError","        ) {","        /*","         * this function will test buildReadme's default handling-behavior-behavior","         */","            options = {};","            local.buildReadme(options, onError);","        };","","        local.testCase_buildTest_default = local.testCase_buildTest_default || function (","            options,","            onError","        ) {","        /*","         * this function will test buildTest's default handling-behavior","         */","            options = {};","            local.buildTest(options, onError);","        };","","        local.testCase_webpage_default = local.testCase_webpage_default || function (","            options,","            onError","        ) {","        /*","         * this function will test webpage's default handling-behavior","         */","            options = { modeCoverageMerge: true, url: local.serverLocalHost + '?modeTest=1' };","            local.browserTest(options, onError);","        };","","        // run test-server","        local.testRunServer(local);","        break;","    }","}());",""],"l":{"12":2,"14":2,"19":2,"21":2,"23":2,"24":2,"25":2,"30":1,"37":2,"40":2,"43":1,"47":1,"50":1,"52":1,"55":2,"61":2,"62":2,"64":2,"70":1,"76":1,"82":2,"83":2,"85":2,"91":1,"98":1,"102":1,"105":1,"112":1,"119":1,"120":1,"123":1,"130":1,"131":1,"132":1,"133":1,"134":1,"135":1,"138":1,"143":2,"144":2,"147":1,"154":2,"155":2,"158":1,"165":2,"166":2,"169":1,"176":2,"177":2,"180":1,"187":1,"188":1,"192":1,"193":1}},"/home/travis/build/npmtest/node-npmtest-replay/lib.npmtest_replay.js":{"path":"/home/travis/build/npmtest/node-npmtest-replay/lib.npmtest_replay.js","s":{"1":2,"2":2,"3":2,"4":2,"5":2,"6":2,"7":2,"8":1,"9":2,"10":2,"11":2,"12":2,"13":1,"14":1,"15":1,"16":1},"b":{"1":[2,1,1,1],"2":[1,1,1,1],"3":[1,1],"4":[2,2],"5":[1,1]},"f":{"1":2,"2":2,"3":2},"fnMap":{"1":{"name":"(anonymous_1)","line":12,"loc":{"start":{"line":12,"column":1},"end":{"line":12,"column":13}}},"2":{"name":"(anonymous_2)","line":19,"loc":{"start":{"line":19,"column":5},"end":{"line":19,"column":17}}},"3":{"name":"(anonymous_3)","line":23,"loc":{"start":{"line":23,"column":24},"end":{"line":23,"column":36}}}},"statementMap":{"1":{"start":{"line":12,"column":0},"end":{"line":53,"column":5}},"2":{"start":{"line":14,"column":4},"end":{"line":14,"column":14}},"3":{"start":{"line":19,"column":4},"end":{"line":52,"column":9}},"4":{"start":{"line":21,"column":8},"end":{"line":21,"column":19}},"5":{"start":{"line":23,"column":8},"end":{"line":35,"column":13}},"6":{"start":{"line":24,"column":12},"end":{"line":34,"column":13}},"7":{"start":{"line":25,"column":16},"end":{"line":28,"column":30}},"8":{"start":{"line":30,"column":16},"end":{"line":33,"column":27}},"9":{"start":{"line":37,"column":8},"end":{"line":39,"column":21}},"10":{"start":{"line":41,"column":8},"end":{"line":41,"column":54}},"11":{"start":{"line":43,"column":8},"end":{"line":43,"column":51}},"12":{"start":{"line":45,"column":8},"end":{"line":51,"column":9}},"13":{"start":{"line":46,"column":12},"end":{"line":46,"column":57}},"14":{"start":{"line":48,"column":12},"end":{"line":48,"column":35}},"15":{"start":{"line":49,"column":12},"end":{"line":49,"column":49}},"16":{"start":{"line":50,"column":12},"end":{"line":50,"column":43}}},"branchMap":{"1":{"line":25,"type":"binary-expr","locations":[{"start":{"line":25,"column":23},"end":{"line":25,"column":62}},{"start":{"line":26,"column":20},"end":{"line":26,"column":70}},{"start":{"line":27,"column":20},"end":{"line":27,"column":71}},{"start":{"line":28,"column":20},"end":{"line":28,"column":29}}]},"2":{"line":30,"type":"binary-expr","locations":[{"start":{"line":30,"column":23},"end":{"line":30,"column":37}},{"start":{"line":31,"column":20},"end":{"line":31,"column":61}},{"start":{"line":32,"column":20},"end":{"line":32,"column":70}},{"start":{"line":33,"column":20},"end":{"line":33,"column":26}}]},"3":{"line":37,"type":"cond-expr","locations":[{"start":{"line":38,"column":14},"end":{"line":38,"column":20}},{"start":{"line":39,"column":14},"end":{"line":39,"column":20}}]},"4":{"line":41,"type":"binary-expr","locations":[{"start":{"line":41,"column":16},"end":{"line":41,"column":44}},{"start":{"line":41,"column":48},"end":{"line":41,"column":53}}]},"5":{"line":45,"type":"if","locations":[{"start":{"line":45,"column":8},"end":{"line":45,"column":8}},{"start":{"line":45,"column":8},"end":{"line":45,"column":8}}]}},"code":["/* istanbul instrument in package npmtest_replay */","/*jslint","    bitwise: true,","    browser: true,","    maxerr: 8,","    maxlen: 96,","    node: true,","    nomen: true,","    regexp: true,","    stupid: true","*/","(function () {","    'use strict';","    var local;","","","","    // run shared js-env code - init-before","    (function () {","        // init local","        local = {};","        // init modeJs","        local.modeJs = (function () {","            try {","                return typeof navigator.userAgent === 'string' &&","                    typeof document.querySelector('body') === 'object' &&","                    typeof XMLHttpRequest.prototype.open === 'function' &&","                    'browser';","            } catch (errorCaughtBrowser) {","                return module.exports &&","                    typeof process.versions.node === 'string' &&","                    typeof require('http').createServer === 'function' &&","                    'node';","            }","        }());","        // init global","        local.global = local.modeJs === 'browser'","            ? window","            : global;","        // init utility2_rollup","        local = local.global.utility2_rollup || local;","        // init lib","        local.local = local.npmtest_replay = local;","        // init exports","        if (local.modeJs === 'browser') {","            local.global.utility2_npmtest_replay = local;","        } else {","            module.exports = local;","            module.exports.__dirname = __dirname;","            module.exports.module = module;","        }","    }());","}());",""],"l":{"12":2,"14":2,"19":2,"21":2,"23":2,"24":2,"25":2,"30":1,"37":2,"41":2,"43":2,"45":2,"46":1,"48":1,"49":1,"50":1}},"/home/travis/build/npmtest/node-npmtest-replay/example.js":{"path":"/home/travis/build/npmtest/node-npmtest-replay/example.js","s":{"1":2,"2":2,"3":2,"4":2,"5":2,"6":2,"7":2,"8":1,"9":2,"10":2,"11":2,"12":2,"13":1,"14":2,"15":2,"16":2,"17":2,"18":2,"19":0,"20":2,"21":1,"22":1,"23":1,"24":1,"25":1,"26":0,"27":0,"28":1,"29":1,"30":2,"31":0,"32":0,"33":0,"34":1,"35":2,"36":2,"37":3,"38":3,"39":3,"40":3,"41":0,"42":3,"43":3,"44":3,"45":1,"46":3,"47":1,"48":1,"49":1,"50":1,"51":1,"52":1,"53":1,"54":1,"55":1,"56":1,"57":0,"58":1,"59":6,"60":6,"61":1,"62":2,"63":0,"64":2,"65":1,"66":1,"67":0,"68":0,"69":0,"70":0,"71":0,"72":0,"73":0,"74":0,"75":0,"76":0,"77":0,"78":0,"79":0,"80":0,"81":0,"82":0,"83":0},"b":{"1":[2,1,1,1],"2":[1,1,1,1],"3":[1,1],"4":[2,2],"5":[1,1],"6":[1,1],"7":[2,0],"8":[2,1,1,1,1,1],"9":[0,2,0],"10":[1,1],"11":[2,1,1],"12":[1,0],"13":[0,2],"14":[2,0,0,0,0,0,0],"15":[0,3],"16":[3,0],"17":[1,1],"18":[0,1],"19":[1,2,0,2],"20":[1,0],"21":[1,1],"22":[0,0],"23":[0,0],"24":[0,0],"25":[0,0],"26":[0,0],"27":[0,0],"28":[0,0]},"f":{"1":2,"2":2,"3":2,"4":2,"5":2,"6":2,"7":3,"8":3,"9":3,"10":1,"11":6,"12":0},"fnMap":{"1":{"name":"(anonymous_1)","line":26,"loc":{"start":{"line":26,"column":1},"end":{"line":26,"column":13}}},"2":{"name":"(anonymous_2)","line":33,"loc":{"start":{"line":33,"column":5},"end":{"line":33,"column":17}}},"3":{"name":"(anonymous_3)","line":37,"loc":{"start":{"line":37,"column":24},"end":{"line":37,"column":36}}},"4":{"name":"(anonymous_4)","line":69,"loc":{"start":{"line":69,"column":31},"end":{"line":69,"column":48}},"skip":true},"5":{"name":"(anonymous_5)","line":78,"loc":{"start":{"line":78,"column":26},"end":{"line":78,"column":45}},"skip":true},"6":{"name":"(anonymous_6)","line":123,"loc":{"start":{"line":123,"column":33},"end":{"line":123,"column":48}},"skip":true},"7":{"name":"(anonymous_7)","line":125,"loc":{"start":{"line":125,"column":27},"end":{"line":125,"column":39}},"skip":true},"8":{"name":"(anonymous_8)","line":133,"loc":{"start":{"line":133,"column":59},"end":{"line":133,"column":74}},"skip":true},"9":{"name":"(anonymous_9)","line":143,"loc":{"start":{"line":143,"column":45},"end":{"line":143,"column":62}},"skip":true},"10":{"name":"(anonymous_10)","line":144,"loc":{"start":{"line":144,"column":73},"end":{"line":144,"column":92}},"skip":true},"11":{"name":"(anonymous_11)","line":272,"loc":{"start":{"line":272,"column":51},"end":{"line":272,"column":77}},"skip":true},"12":{"name":"(anonymous_12)","line":315,"loc":{"start":{"line":315,"column":32},"end":{"line":315,"column":61}},"skip":true}},"statementMap":{"1":{"start":{"line":26,"column":0},"end":{"line":326,"column":5}},"2":{"start":{"line":28,"column":4},"end":{"line":28,"column":14}},"3":{"start":{"line":33,"column":4},"end":{"line":60,"column":9}},"4":{"start":{"line":35,"column":8},"end":{"line":35,"column":19}},"5":{"start":{"line":37,"column":8},"end":{"line":49,"column":13}},"6":{"start":{"line":38,"column":12},"end":{"line":48,"column":13}},"7":{"start":{"line":39,"column":16},"end":{"line":42,"column":30}},"8":{"start":{"line":44,"column":16},"end":{"line":47,"column":27}},"9":{"start":{"line":51,"column":8},"end":{"line":53,"column":21}},"10":{"start":{"line":55,"column":8},"end":{"line":57,"column":45}},"11":{"start":{"line":59,"column":8},"end":{"line":59,"column":35}},"12":{"start":{"line":61,"column":4},"end":{"line":325,"column":5}},"13":{"start":{"line":69,"column":8},"end":{"line":121,"column":10},"skip":true},"14":{"start":{"line":70,"column":12},"end":{"line":88,"column":13},"skip":true},"15":{"start":{"line":76,"column":16},"end":{"line":87,"column":19},"skip":true},"16":{"start":{"line":79,"column":20},"end":{"line":86,"column":21},"skip":true},"17":{"start":{"line":82,"column":24},"end":{"line":82,"column":43},"skip":true},"18":{"start":{"line":83,"column":24},"end":{"line":83,"column":30},"skip":true},"19":{"start":{"line":85,"column":24},"end":{"line":85,"column":49},"skip":true},"20":{"start":{"line":89,"column":12},"end":{"line":107,"column":13},"skip":true},"21":{"start":{"line":92,"column":16},"end":{"line":102,"column":17},"skip":true},"22":{"start":{"line":93,"column":20},"end":{"line":93,"column":86},"skip":true},"23":{"start":{"line":94,"column":20},"end":{"line":95,"column":45},"skip":true},"24":{"start":{"line":96,"column":20},"end":{"line":96,"column":42},"skip":true},"25":{"start":{"line":97,"column":20},"end":{"line":97,"column":48},"skip":true},"26":{"start":{"line":100,"column":20},"end":{"line":100,"column":85},"skip":true},"27":{"start":{"line":101,"column":20},"end":{"line":101,"column":96},"skip":true},"28":{"start":{"line":103,"column":16},"end":{"line":103,"column":22},"skip":true},"29":{"start":{"line":106,"column":16},"end":{"line":106,"column":22},"skip":true},"30":{"start":{"line":108,"column":12},"end":{"line":120,"column":13},"skip":true},"31":{"start":{"line":114,"column":16},"end":{"line":119,"column":17},"skip":true},"32":{"start":{"line":116,"column":20},"end":{"line":116,"column":78},"skip":true},"33":{"start":{"line":118,"column":20},"end":{"line":118,"column":47},"skip":true},"34":{"start":{"line":123,"column":8},"end":{"line":141,"column":11},"skip":true},"35":{"start":{"line":124,"column":12},"end":{"line":124,"column":54},"skip":true},"36":{"start":{"line":125,"column":12},"end":{"line":140,"column":14},"skip":true},"37":{"start":{"line":126,"column":16},"end":{"line":126,"column":28},"skip":true},"38":{"start":{"line":127,"column":16},"end":{"line":127,"column":69},"skip":true},"39":{"start":{"line":128,"column":16},"end":{"line":128,"column":75},"skip":true},"40":{"start":{"line":129,"column":16},"end":{"line":131,"column":17},"skip":true},"41":{"start":{"line":130,"column":20},"end":{"line":130,"column":27},"skip":true},"42":{"start":{"line":133,"column":16},"end":{"line":137,"column":36},"skip":true},"43":{"start":{"line":134,"column":20},"end":{"line":136,"column":55},"skip":true},"44":{"start":{"line":139,"column":16},"end":{"line":139,"column":57},"skip":true},"45":{"start":{"line":143,"column":8},"end":{"line":147,"column":11},"skip":true},"46":{"start":{"line":144,"column":12},"end":{"line":146,"column":15},"skip":true},"47":{"start":{"line":145,"column":16},"end":{"line":145,"column":70},"skip":true},"48":{"start":{"line":149,"column":8},"end":{"line":149,"column":31},"skip":true},"49":{"start":{"line":150,"column":8},"end":{"line":150,"column":14},"skip":true},"50":{"start":{"line":158,"column":8},"end":{"line":158,"column":31},"skip":true},"51":{"start":{"line":160,"column":8},"end":{"line":160,"column":33},"skip":true},"52":{"start":{"line":161,"column":8},"end":{"line":161,"column":37},"skip":true},"53":{"start":{"line":162,"column":8},"end":{"line":162,"column":35},"skip":true},"54":{"start":{"line":164,"column":8},"end":{"line":164,"column":50},"skip":true},"55":{"start":{"line":166,"column":8},"end":{"line":256,"column":2},"skip":true},"56":{"start":{"line":258,"column":8},"end":{"line":286,"column":9},"skip":true},"57":{"start":{"line":259,"column":12},"end":{"line":269,"column":14},"skip":true},"58":{"start":{"line":271,"column":12},"end":{"line":285,"column":19},"skip":true},"59":{"start":{"line":274,"column":20},"end":{"line":274,"column":35},"skip":true},"60":{"start":{"line":275,"column":20},"end":{"line":284,"column":21},"skip":true},"61":{"start":{"line":277,"column":24},"end":{"line":277,"column":64},"skip":true},"62":{"start":{"line":279,"column":24},"end":{"line":279,"column":40},"skip":true},"63":{"start":{"line":281,"column":24},"end":{"line":281,"column":40},"skip":true},"64":{"start":{"line":283,"column":24},"end":{"line":283,"column":39},"skip":true},"65":{"start":{"line":288,"column":8},"end":{"line":290,"column":9},"skip":true},"66":{"start":{"line":289,"column":12},"end":{"line":289,"column":18},"skip":true},"67":{"start":{"line":291,"column":8},"end":{"line":293,"column":54},"skip":true},"68":{"start":{"line":296,"column":8},"end":{"line":301,"column":37},"skip":true},"69":{"start":{"line":303,"column":8},"end":{"line":303,"column":82},"skip":true},"70":{"start":{"line":306,"column":8},"end":{"line":308,"column":9},"skip":true},"71":{"start":{"line":307,"column":12},"end":{"line":307,"column":82},"skip":true},"72":{"start":{"line":310,"column":8},"end":{"line":312,"column":9},"skip":true},"73":{"start":{"line":311,"column":12},"end":{"line":311,"column":18},"skip":true},"74":{"start":{"line":313,"column":8},"end":{"line":313,"column":54},"skip":true},"75":{"start":{"line":314,"column":8},"end":{"line":314,"column":69},"skip":true},"76":{"start":{"line":315,"column":8},"end":{"line":323,"column":36},"skip":true},"77":{"start":{"line":316,"column":12},"end":{"line":316,"column":61},"skip":true},"78":{"start":{"line":317,"column":12},"end":{"line":320,"column":13},"skip":true},"79":{"start":{"line":318,"column":16},"end":{"line":318,"column":75},"skip":true},"80":{"start":{"line":319,"column":16},"end":{"line":319,"column":23},"skip":true},"81":{"start":{"line":321,"column":12},"end":{"line":321,"column":38},"skip":true},"82":{"start":{"line":322,"column":12},"end":{"line":322,"column":27},"skip":true},"83":{"start":{"line":324,"column":8},"end":{"line":324,"column":14},"skip":true}},"branchMap":{"1":{"line":39,"type":"binary-expr","locations":[{"start":{"line":39,"column":23},"end":{"line":39,"column":62}},{"start":{"line":40,"column":20},"end":{"line":40,"column":70}},{"start":{"line":41,"column":20},"end":{"line":41,"column":71}},{"start":{"line":42,"column":20},"end":{"line":42,"column":29}}]},"2":{"line":44,"type":"binary-expr","locations":[{"start":{"line":44,"column":23},"end":{"line":44,"column":37}},{"start":{"line":45,"column":20},"end":{"line":45,"column":61}},{"start":{"line":46,"column":20},"end":{"line":46,"column":70}},{"start":{"line":47,"column":20},"end":{"line":47,"column":26}}]},"3":{"line":51,"type":"cond-expr","locations":[{"start":{"line":52,"column":14},"end":{"line":52,"column":20}},{"start":{"line":53,"column":14},"end":{"line":53,"column":20}}]},"4":{"line":55,"type":"binary-expr","locations":[{"start":{"line":55,"column":16},"end":{"line":55,"column":44}},{"start":{"line":55,"column":49},"end":{"line":57,"column":43}}]},"5":{"line":55,"type":"cond-expr","locations":[{"start":{"line":56,"column":14},"end":{"line":56,"column":50}},{"start":{"line":57,"column":14},"end":{"line":57,"column":43}}]},"6":{"line":61,"type":"switch","locations":[{"start":{"line":68,"column":4},"end":{"line":150,"column":14},"skip":true},{"start":{"line":156,"column":4},"end":{"line":324,"column":14},"skip":true}]},"7":{"line":70,"type":"if","locations":[{"start":{"line":70,"column":12},"end":{"line":70,"column":12},"skip":true},{"start":{"line":70,"column":12},"end":{"line":70,"column":12},"skip":true}]},"8":{"line":70,"type":"binary-expr","locations":[{"start":{"line":70,"column":16},"end":{"line":70,"column":22},"skip":true},{"start":{"line":70,"column":27},"end":{"line":70,"column":32},"skip":true},{"start":{"line":71,"column":20},"end":{"line":71,"column":39},"skip":true},{"start":{"line":72,"column":20},"end":{"line":72,"column":49},"skip":true},{"start":{"line":73,"column":20},"end":{"line":73,"column":58},"skip":true},{"start":{"line":74,"column":20},"end":{"line":74,"column":69},"skip":true}]},"9":{"line":79,"type":"switch","locations":[{"start":{"line":80,"column":20},"end":{"line":80,"column":33},"skip":true},{"start":{"line":81,"column":20},"end":{"line":83,"column":30},"skip":true},{"start":{"line":84,"column":20},"end":{"line":85,"column":49},"skip":true}]},"10":{"line":89,"type":"switch","locations":[{"start":{"line":90,"column":12},"end":{"line":103,"column":22},"skip":true},{"start":{"line":105,"column":12},"end":{"line":106,"column":22},"skip":true}]},"11":{"line":89,"type":"binary-expr","locations":[{"start":{"line":89,"column":20},"end":{"line":89,"column":25},"skip":true},{"start":{"line":89,"column":29},"end":{"line":89,"column":48},"skip":true},{"start":{"line":89,"column":52},"end":{"line":89,"column":74},"skip":true}]},"12":{"line":92,"type":"if","locations":[{"start":{"line":92,"column":16},"end":{"line":92,"column":16},"skip":true},{"start":{"line":92,"column":16},"end":{"line":92,"column":16},"skip":true}]},"13":{"line":108,"type":"if","locations":[{"start":{"line":108,"column":12},"end":{"line":108,"column":12},"skip":true},{"start":{"line":108,"column":12},"end":{"line":108,"column":12},"skip":true}]},"14":{"line":108,"type":"binary-expr","locations":[{"start":{"line":108,"column":16},"end":{"line":108,"column":61},"skip":true},{"start":{"line":108,"column":66},"end":{"line":108,"column":72},"skip":true},{"start":{"line":108,"column":77},"end":{"line":108,"column":82},"skip":true},{"start":{"line":109,"column":20},"end":{"line":109,"column":39},"skip":true},{"start":{"line":110,"column":20},"end":{"line":110,"column":49},"skip":true},{"start":{"line":111,"column":20},"end":{"line":111,"column":58},"skip":true},{"start":{"line":112,"column":20},"end":{"line":112,"column":68},"skip":true}]},"15":{"line":129,"type":"if","locations":[{"start":{"line":129,"column":16},"end":{"line":129,"column":16},"skip":true},{"start":{"line":129,"column":16},"end":{"line":129,"column":16},"skip":true}]},"16":{"line":134,"type":"cond-expr","locations":[{"start":{"line":135,"column":26},"end":{"line":135,"column":29},"skip":true},{"start":{"line":136,"column":26},"end":{"line":136,"column":54},"skip":true}]},"17":{"line":164,"type":"binary-expr","locations":[{"start":{"line":164,"column":27},"end":{"line":164,"column":43},"skip":true},{"start":{"line":164,"column":47},"end":{"line":164,"column":49},"skip":true}]},"18":{"line":258,"type":"if","locations":[{"start":{"line":258,"column":8},"end":{"line":258,"column":8},"skip":true},{"start":{"line":258,"column":8},"end":{"line":258,"column":8},"skip":true}]},"19":{"line":275,"type":"switch","locations":[{"start":{"line":276,"column":20},"end":{"line":277,"column":64},"skip":true},{"start":{"line":278,"column":20},"end":{"line":279,"column":40},"skip":true},{"start":{"line":280,"column":20},"end":{"line":281,"column":40},"skip":true},{"start":{"line":282,"column":20},"end":{"line":283,"column":39},"skip":true}]},"20":{"line":288,"type":"if","locations":[{"start":{"line":288,"column":8},"end":{"line":288,"column":8},"skip":true},{"start":{"line":288,"column":8},"end":{"line":288,"column":8},"skip":true}]},"21":{"line":288,"type":"binary-expr","locations":[{"start":{"line":288,"column":12},"end":{"line":288,"column":40},"skip":true},{"start":{"line":288,"column":44},"end":{"line":288,"column":67},"skip":true}]},"22":{"line":292,"type":"binary-expr","locations":[{"start":{"line":292,"column":12},"end":{"line":292,"column":50},"skip":true},{"start":{"line":293,"column":12},"end":{"line":293,"column":53},"skip":true}]},"23":{"line":297,"type":"binary-expr","locations":[{"start":{"line":297,"column":12},"end":{"line":297,"column":64},"skip":true},{"start":{"line":298,"column":12},"end":{"line":301,"column":36},"skip":true}]},"24":{"line":303,"type":"binary-expr","locations":[{"start":{"line":303,"column":43},"end":{"line":303,"column":75},"skip":true},{"start":{"line":303,"column":79},"end":{"line":303,"column":81},"skip":true}]},"25":{"line":306,"type":"if","locations":[{"start":{"line":306,"column":8},"end":{"line":306,"column":8},"skip":true},{"start":{"line":306,"column":8},"end":{"line":306,"column":8},"skip":true}]},"26":{"line":310,"type":"if","locations":[{"start":{"line":310,"column":8},"end":{"line":310,"column":8},"skip":true},{"start":{"line":310,"column":8},"end":{"line":310,"column":8},"skip":true}]},"27":{"line":313,"type":"binary-expr","locations":[{"start":{"line":313,"column":27},"end":{"line":313,"column":43},"skip":true},{"start":{"line":313,"column":47},"end":{"line":313,"column":53},"skip":true}]},"28":{"line":317,"type":"if","locations":[{"start":{"line":317,"column":12},"end":{"line":317,"column":12},"skip":true},{"start":{"line":317,"column":12},"end":{"line":317,"column":12},"skip":true}]}},"code":["/*","example.js","","quickstart example","","instruction","    1. save this script as example.js","    2. run the shell command:","        $ npm install npmtest-replay && PORT=8081 node example.js","    3. play with the browser-demo on http://127.0.0.1:8081","*/","","","","/* istanbul instrument in package npmtest_replay */","/*jslint","    bitwise: true,","    browser: true,","    maxerr: 8,","    maxlen: 96,","    node: true,","    nomen: true,","    regexp: true,","    stupid: true","*/","(function () {","    'use strict';","    var local;","","","","    // run shared js-env code - init-before","    (function () {","        // init local","        local = {};","        // init modeJs","        local.modeJs = (function () {","            try {","                return typeof navigator.userAgent === 'string' &&","                    typeof document.querySelector('body') === 'object' &&","                    typeof XMLHttpRequest.prototype.open === 'function' &&","                    'browser';","            } catch (errorCaughtBrowser) {","                return module.exports &&","                    typeof process.versions.node === 'string' &&","                    typeof require('http').createServer === 'function' &&","                    'node';","            }","        }());","        // init global","        local.global = local.modeJs === 'browser'","            ? window","            : global;","        // init utility2_rollup","        local = local.global.utility2_rollup || (local.modeJs === 'browser'","            ? local.global.utility2_npmtest_replay","            : global.utility2_moduleExports);","        // export local","        local.global.local = local;","    }());","    switch (local.modeJs) {","","","","    // init-after","    // run browser js-env code - init-after","    /* istanbul ignore next */","    case 'browser':","        local.testRunBrowser = function (event) {","            if (!event || (event &&","                    event.currentTarget &&","                    event.currentTarget.className &&","                    event.currentTarget.className.includes &&","                    event.currentTarget.className.includes('onreset'))) {","                // reset output","                Array.from(","                    document.querySelectorAll('body > .resettable')","                ).forEach(function (element) {","                    switch (element.tagName) {","                    case 'INPUT':","                    case 'TEXTAREA':","                        element.value = '';","                        break;","                    default:","                        element.textContent = '';","                    }","                });","            }","            switch (event && event.currentTarget && event.currentTarget.id) {","            case 'testRunButton1':","                // show tests","                if (document.querySelector('#testReportDiv1').style.display === 'none') {","                    document.querySelector('#testReportDiv1').style.display = 'block';","                    document.querySelector('#testRunButton1').textContent =","                        'hide internal test';","                    local.modeTest = true;","                    local.testRunDefault(local);","                // hide tests","                } else {","                    document.querySelector('#testReportDiv1').style.display = 'none';","                    document.querySelector('#testRunButton1').textContent = 'run internal test';","                }","                break;","            // custom-case","            default:","                break;","            }","            if (document.querySelector('#inputTextareaEval1') && (!event || (event &&","                    event.currentTarget &&","                    event.currentTarget.className &&","                    event.currentTarget.className.includes &&","                    event.currentTarget.className.includes('oneval')))) {","                // try to eval input-code","                try {","                    /*jslint evil: true*/","                    eval(document.querySelector('#inputTextareaEval1').value);","                } catch (errorCaught) {","                    console.error(errorCaught);","                }","            }","        };","        // log stderr and stdout to #outputTextareaStdout1","        ['error', 'log'].forEach(function (key) {","            console[key + '_original'] = console[key];","            console[key] = function () {","                var element;","                console[key + '_original'].apply(console, arguments);","                element = document.querySelector('#outputTextareaStdout1');","                if (!element) {","                    return;","                }","                // append text to #outputTextareaStdout1","                element.value += Array.from(arguments).map(function (arg) {","                    return typeof arg === 'string'","                        ? arg","                        : JSON.stringify(arg, null, 4);","                }).join(' ') + '\\n';","                // scroll textarea to bottom","                element.scrollTop = element.scrollHeight;","            };","        });","        // init event-handling","        ['change', 'click', 'keyup'].forEach(function (event) {","            Array.from(document.querySelectorAll('.on' + event)).forEach(function (element) {","                element.addEventListener(event, local.testRunBrowser);","            });","        });","        // run tests","        local.testRunBrowser();","        break;","","","","    // run node js-env code - init-after","    /* istanbul ignore next */","    case 'node':","        // export local","        module.exports = local;","        // require modules","        local.fs = require('fs');","        local.http = require('http');","        local.url = require('url');","        // init assets","        local.assetsDict = local.assetsDict || {};","        /* jslint-ignore-begin */","        local.assetsDict['/assets.index.template.html'] = '\\","<!doctype html>\\n\\","<html lang=\"en\">\\n\\","<head>\\n\\","<meta charset=\"UTF-8\">\\n\\","<meta name=\"viewport\" content=\"width=device-width, initial-scale=1\">\\n\\","<title>{{env.npm_package_name}} (v{{env.npm_package_version}})</title>\\n\\","<style>\\n\\","/*csslint\\n\\","    box-sizing: false,\\n\\","    universal-selector: false\\n\\","*/\\n\\","* {\\n\\","    box-sizing: border-box;\\n\\","}\\n\\","body {\\n\\","    background: #dde;\\n\\","    font-family: Arial, Helvetica, sans-serif;\\n\\","    margin: 2rem;\\n\\","}\\n\\","body > * {\\n\\","    margin-bottom: 1rem;\\n\\","}\\n\\",".utility2FooterDiv {\\n\\","    margin-top: 20px;\\n\\","    text-align: center;\\n\\","}\\n\\","</style>\\n\\","<style>\\n\\","/*csslint\\n\\","*/\\n\\","textarea {\\n\\","    font-family: monospace;\\n\\","    height: 10rem;\\n\\","    width: 100%;\\n\\","}\\n\\","textarea[readonly] {\\n\\","    background: #ddd;\\n\\","}\\n\\","</style>\\n\\","</head>\\n\\","<body>\\n\\","<!-- utility2-comment\\n\\","<div id=\"ajaxProgressDiv1\" style=\"background: #d00; height: 2px; left: 0; margin: 0; padding: 0; position: fixed; top: 0; transition: background 0.5s, width 1.5s; width: 25%;\"></div>\\n\\","utility2-comment -->\\n\\","<h1>\\n\\","<!-- utility2-comment\\n\\","    <a\\n\\","        {{#if env.npm_package_homepage}}\\n\\","        href=\"{{env.npm_package_homepage}}\"\\n\\","        {{/if env.npm_package_homepage}}\\n\\","        target=\"_blank\"\\n\\","    >\\n\\","utility2-comment -->\\n\\","        {{env.npm_package_name}} (v{{env.npm_package_version}})\\n\\","<!-- utility2-comment\\n\\","    </a>\\n\\","utility2-comment -->\\n\\","</h1>\\n\\","<h3>{{env.npm_package_description}}</h3>\\n\\","<!-- utility2-comment\\n\\","<h4><a download href=\"assets.app.js\">download standalone app</a></h4>\\n\\","<button class=\"onclick onreset\" id=\"testRunButton1\">run internal test</button><br>\\n\\","<div id=\"testReportDiv1\" style=\"display: none;\"></div>\\n\\","utility2-comment -->\\n\\","\\n\\","\\n\\","\\n\\","<label>stderr and stdout</label>\\n\\","<textarea class=\"resettable\" id=\"outputTextareaStdout1\" readonly></textarea>\\n\\","<!-- utility2-comment\\n\\","{{#if isRollup}}\\n\\","<script src=\"assets.app.js\"></script>\\n\\","{{#unless isRollup}}\\n\\","utility2-comment -->\\n\\","<script src=\"assets.utility2.rollup.js\"></script>\\n\\","<script src=\"jsonp.utility2._stateInit?callback=window.utility2._stateInit\"></script>\\n\\","<script src=\"assets.npmtest_replay.rollup.js\"></script>\\n\\","<script src=\"assets.example.js\"></script>\\n\\","<script src=\"assets.test.js\"></script>\\n\\","<!-- utility2-comment\\n\\","{{/if isRollup}}\\n\\","utility2-comment -->\\n\\","<div class=\"utility2FooterDiv\">\\n\\","    [ this app was created with\\n\\","    <a href=\"https://github.com/kaizhu256/node-utility2\" target=\"_blank\">utility2</a>\\n\\","    ]\\n\\","</div>\\n\\","</body>\\n\\","</html>\\n\\","';","        /* jslint-ignore-end */","        if (local.templateRender) {","            local.assetsDict['/'] = local.templateRender(","                local.assetsDict['/assets.index.template.html'],","                {","                    env: local.objectSetDefault(local.env, {","                        npm_package_description: 'the greatest app in the world!',","                        npm_package_name: 'my-app',","                        npm_package_nameAlias: 'my_app',","                        npm_package_version: '0.0.1'","                    })","                }","            );","        } else {","            local.assetsDict['/'] = local.assetsDict['/assets.index.template.html']","                .replace((/\\{\\{env\\.(\\w+?)\\}\\}/g), function (match0, match1) {","                    // jslint-hack","                    String(match0);","                    switch (match1) {","                    case 'npm_package_description':","                        return 'the greatest app in the world!';","                    case 'npm_package_name':","                        return 'my-app';","                    case 'npm_package_nameAlias':","                        return 'my_app';","                    case 'npm_package_version':","                        return '0.0.1';","                    }","                });","        }","        // run the cli","        if (local.global.utility2_rollup || module !== require.main) {","            break;","        }","        local.assetsDict['/assets.example.js'] =","            local.assetsDict['/assets.example.js'] ||","            local.fs.readFileSync(__filename, 'utf8');","        // bug-workaround - long $npm_package_buildCustomOrg","        /* jslint-ignore-begin */","        local.assetsDict['/assets.npmtest_replay.rollup.js'] =","            local.assetsDict['/assets.npmtest_replay.rollup.js'] ||","            local.fs.readFileSync(","                local.npmtest_replay.__dirname + '/lib.npmtest_replay.js',","                'utf8'","            ).replace((/^#!/), '//');","        /* jslint-ignore-end */","        local.assetsDict['/favicon.ico'] = local.assetsDict['/favicon.ico'] || '';","        // if $npm_config_timeout_exit exists,","        // then exit this process after $npm_config_timeout_exit ms","        if (Number(process.env.npm_config_timeout_exit)) {","            setTimeout(process.exit, Number(process.env.npm_config_timeout_exit));","        }","        // start server","        if (local.global.utility2_serverHttp1) {","            break;","        }","        process.env.PORT = process.env.PORT || '8081';","        console.error('server starting on port ' + process.env.PORT);","        local.http.createServer(function (request, response) {","            request.urlParsed = local.url.parse(request.url);","            if (local.assetsDict[request.urlParsed.pathname] !== undefined) {","                response.end(local.assetsDict[request.urlParsed.pathname]);","                return;","            }","            response.statusCode = 404;","            response.end();","        }).listen(process.env.PORT);","        break;","    }","}());",""],"l":{"26":2,"28":2,"33":2,"35":2,"37":2,"38":2,"39":2,"44":1,"51":2,"55":2,"59":2,"61":2,"69":1,"70":2,"76":2,"79":2,"82":2,"83":2,"85":1,"89":2,"92":1,"93":1,"94":1,"96":1,"97":1,"100":1,"101":1,"103":1,"106":1,"108":2,"114":1,"116":1,"118":1,"123":1,"124":2,"125":2,"126":3,"127":3,"128":3,"129":3,"130":1,"133":3,"134":3,"139":3,"143":1,"144":3,"145":1,"149":1,"150":1,"158":1,"160":1,"161":1,"162":1,"164":1,"166":1,"258":1,"259":1,"271":1,"274":6,"275":6,"277":1,"279":2,"281":1,"283":2,"288":1,"289":1,"291":1,"296":1,"303":1,"306":1,"307":1,"310":1,"311":1,"313":1,"314":1,"315":1,"316":1,"317":1,"318":1,"319":1,"321":1,"322":1,"324":1}},"/home/travis/build/npmtest/node-npmtest-replay/node_modules/replay/lib/index.js":{"path":"/home/travis/build/npmtest/node-npmtest-replay/node_modules/replay/lib/index.js","s":{"1":2,"2":2,"3":2,"4":2,"5":2,"6":2,"7":2,"8":2,"9":2,"10":2,"11":2,"12":2,"13":0,"14":2,"15":2,"16":2,"17":2,"18":2,"19":2,"20":2,"21":0,"22":0,"23":0,"24":0,"25":0,"26":0,"27":0,"28":0,"29":0,"30":0,"31":0,"32":0,"33":0,"34":0,"35":0,"36":0,"37":0,"38":0,"39":0,"40":0,"41":0,"42":0,"43":0,"44":0,"45":0,"46":0,"47":0,"48":0,"49":0,"50":0,"51":0,"52":0,"53":0,"54":0,"55":0,"56":0,"57":0,"58":0,"59":2,"60":1,"61":0,"62":1,"63":0,"64":0,"65":0,"66":0,"67":0},"b":{"1":[0,2],"2":[0,0],"3":[0,0,0],"4":[0,0,0],"5":[0,0,0],"6":[2,2],"7":[0,0,0],"8":[0,0]},"f":{"1":2,"2":0,"3":0,"4":0,"5":0,"6":0,"7":0,"8":0,"9":0,"10":0,"11":0,"12":0,"13":0,"14":0},"fnMap":{"1":{"name":"(anonymous_1)","line":61,"loc":{"start":{"line":61,"column":13},"end":{"line":61,"column":20}}},"2":{"name":"(anonymous_2)","line":79,"loc":{"start":{"line":79,"column":21},"end":{"line":79,"column":38}}},"3":{"name":"(anonymous_3)","line":88,"loc":{"start":{"line":88,"column":5},"end":{"line":88,"column":13}}},"4":{"name":"(anonymous_4)","line":94,"loc":{"start":{"line":94,"column":13},"end":{"line":94,"column":16}}},"5":{"name":"(anonymous_5)","line":105,"loc":{"start":{"line":105,"column":15},"end":{"line":105,"column":22}}},"6":{"name":"(anonymous_6)","line":111,"loc":{"start":{"line":111,"column":6},"end":{"line":111,"column":9}}},"7":{"name":"(anonymous_7)","line":122,"loc":{"start":{"line":122,"column":11},"end":{"line":122,"column":18}}},"8":{"name":"(anonymous_8)","line":130,"loc":{"start":{"line":130,"column":11},"end":{"line":130,"column":14}}},"9":{"name":"(anonymous_9)","line":141,"loc":{"start":{"line":141,"column":13},"end":{"line":141,"column":20}}},"10":{"name":"(anonymous_10)","line":147,"loc":{"start":{"line":147,"column":7},"end":{"line":147,"column":10}}},"11":{"name":"(anonymous_11)","line":160,"loc":{"start":{"line":160,"column":14},"end":{"line":160,"column":17}}},"12":{"name":"(anonymous_12)","line":164,"loc":{"start":{"line":164,"column":14},"end":{"line":164,"column":20}}},"13":{"name":"passWhenBloodyOrCheat","line":173,"loc":{"start":{"line":173,"column":0},"end":{"line":173,"column":40}}},"14":{"name":"passToLocalhost","line":177,"loc":{"start":{"line":177,"column":0},"end":{"line":177,"column":34}}}},"statementMap":{"1":{"start":{"line":6,"column":0},"end":{"line":6,"column":37}},"2":{"start":{"line":7,"column":0},"end":{"line":7,"column":33}},"3":{"start":{"line":8,"column":0},"end":{"line":8,"column":33}},"4":{"start":{"line":10,"column":0},"end":{"line":10,"column":33}},"5":{"start":{"line":12,"column":0},"end":{"line":12,"column":43}},"6":{"start":{"line":14,"column":0},"end":{"line":14,"column":35}},"7":{"start":{"line":15,"column":0},"end":{"line":15,"column":46}},"8":{"start":{"line":16,"column":0},"end":{"line":16,"column":39}},"9":{"start":{"line":19,"column":0},"end":{"line":36,"column":10}},"10":{"start":{"line":39,"column":0},"end":{"line":39,"column":30}},"11":{"start":{"line":42,"column":0},"end":{"line":42,"column":102}},"12":{"start":{"line":62,"column":4},"end":{"line":62,"column":118}},"13":{"start":{"line":62,"column":31},"end":{"line":62,"column":118}},"14":{"start":{"line":64,"column":4},"end":{"line":64,"column":12}},"15":{"start":{"line":65,"column":4},"end":{"line":65,"column":21}},"16":{"start":{"line":66,"column":4},"end":{"line":66,"column":29}},"17":{"start":{"line":69,"column":4},"end":{"line":69,"column":66}},"18":{"start":{"line":71,"column":4},"end":{"line":71,"column":34}},"19":{"start":{"line":73,"column":4},"end":{"line":73,"column":30}},"20":{"start":{"line":75,"column":4},"end":{"line":75,"column":37}},"21":{"start":{"line":76,"column":4},"end":{"line":76,"column":33}},"22":{"start":{"line":79,"column":4},"end":{"line":81,"column":7}},"23":{"start":{"line":80,"column":6},"end":{"line":80,"column":51}},"24":{"start":{"line":89,"column":4},"end":{"line":89,"column":30}},"25":{"start":{"line":90,"column":4},"end":{"line":90,"column":16}},"26":{"start":{"line":95,"column":4},"end":{"line":97,"column":5}},"27":{"start":{"line":96,"column":6},"end":{"line":96,"column":36}},"28":{"start":{"line":99,"column":4},"end":{"line":99,"column":34}},"29":{"start":{"line":100,"column":4},"end":{"line":100,"column":56}},"30":{"start":{"line":100,"column":28},"end":{"line":100,"column":56}},"31":{"start":{"line":101,"column":4},"end":{"line":101,"column":16}},"32":{"start":{"line":106,"column":4},"end":{"line":106,"column":47}},"33":{"start":{"line":107,"column":4},"end":{"line":107,"column":116}},"34":{"start":{"line":112,"column":4},"end":{"line":114,"column":5}},"35":{"start":{"line":113,"column":6},"end":{"line":113,"column":38}},"36":{"start":{"line":116,"column":4},"end":{"line":116,"column":34}},"37":{"start":{"line":117,"column":4},"end":{"line":117,"column":52}},"38":{"start":{"line":117,"column":28},"end":{"line":117,"column":52}},"39":{"start":{"line":118,"column":4},"end":{"line":118,"column":16}},"40":{"start":{"line":123,"column":4},"end":{"line":123,"column":47}},"41":{"start":{"line":124,"column":4},"end":{"line":124,"column":104}},"42":{"start":{"line":131,"column":4},"end":{"line":133,"column":5}},"43":{"start":{"line":132,"column":6},"end":{"line":132,"column":38}},"44":{"start":{"line":135,"column":4},"end":{"line":135,"column":34}},"45":{"start":{"line":136,"column":4},"end":{"line":136,"column":55}},"46":{"start":{"line":136,"column":28},"end":{"line":136,"column":55}},"47":{"start":{"line":137,"column":4},"end":{"line":137,"column":16}},"48":{"start":{"line":142,"column":4},"end":{"line":142,"column":47}},"49":{"start":{"line":143,"column":4},"end":{"line":143,"column":113}},"50":{"start":{"line":148,"column":4},"end":{"line":150,"column":5}},"51":{"start":{"line":149,"column":6},"end":{"line":149,"column":38}},"52":{"start":{"line":152,"column":4},"end":{"line":156,"column":5}},"53":{"start":{"line":153,"column":6},"end":{"line":153,"column":36}},"54":{"start":{"line":154,"column":6},"end":{"line":154,"column":37}},"55":{"start":{"line":155,"column":6},"end":{"line":155,"column":33}},"56":{"start":{"line":157,"column":4},"end":{"line":157,"column":16}},"57":{"start":{"line":161,"column":4},"end":{"line":161,"column":41}},"58":{"start":{"line":166,"column":4},"end":{"line":166,"column":37}},"59":{"start":{"line":171,"column":0},"end":{"line":171,"column":62}},"60":{"start":{"line":173,"column":0},"end":{"line":175,"column":1}},"61":{"start":{"line":174,"column":2},"end":{"line":174,"column":122}},"62":{"start":{"line":177,"column":0},"end":{"line":179,"column":1}},"63":{"start":{"line":178,"column":2},"end":{"line":178,"column":78}},"64":{"start":{"line":186,"column":0},"end":{"line":186,"column":123}},"65":{"start":{"line":188,"column":0},"end":{"line":188,"column":24}},"66":{"start":{"line":191,"column":0},"end":{"line":191,"column":32}},"67":{"start":{"line":192,"column":0},"end":{"line":192,"column":30}}},"branchMap":{"1":{"line":62,"type":"if","locations":[{"start":{"line":62,"column":4},"end":{"line":62,"column":4}},{"start":{"line":62,"column":4},"end":{"line":62,"column":4}}]},"2":{"line":80,"type":"binary-expr","locations":[{"start":{"line":80,"column":24},"end":{"line":80,"column":37}},{"start":{"line":80,"column":41},"end":{"line":80,"column":46}}]},"3":{"line":107,"type":"binary-expr","locations":[{"start":{"line":107,"column":14},"end":{"line":107,"column":41}},{"start":{"line":107,"column":45},"end":{"line":107,"column":74}},{"start":{"line":107,"column":78},"end":{"line":107,"column":114}}]},"4":{"line":124,"type":"binary-expr","locations":[{"start":{"line":124,"column":14},"end":{"line":124,"column":37}},{"start":{"line":124,"column":41},"end":{"line":124,"column":66}},{"start":{"line":124,"column":70},"end":{"line":124,"column":102}}]},"5":{"line":143,"type":"binary-expr","locations":[{"start":{"line":143,"column":14},"end":{"line":143,"column":40}},{"start":{"line":143,"column":44},"end":{"line":143,"column":72}},{"start":{"line":143,"column":76},"end":{"line":143,"column":111}}]},"6":{"line":171,"type":"binary-expr","locations":[{"start":{"line":171,"column":26},"end":{"line":171,"column":44}},{"start":{"line":171,"column":48},"end":{"line":171,"column":60}}]},"7":{"line":174,"type":"binary-expr","locations":[{"start":{"line":174,"column":9},"end":{"line":174,"column":51}},{"start":{"line":174,"column":55},"end":{"line":174,"column":78}},{"start":{"line":174,"column":82},"end":{"line":174,"column":121}}]},"8":{"line":178,"type":"binary-expr","locations":[{"start":{"line":178,"column":9},"end":{"line":178,"column":49}},{"start":{"line":178,"column":53},"end":{"line":178,"column":77}}]}},"code":["'use strict';","","// The Replay module holds global configution properties and methods.","","","const Catalog = require('./catalog');","const Chain = require('./chain');","const debug = require('./debug');","","var _require = require('events');","","const EventEmitter = _require.EventEmitter;","","const logger = require('./logger');","const passThrough = require('./pass_through');","const recorder = require('./recorder');","","// Supported modes","const MODES = [","// Allow outbound HTTP requests, don't replay anything.  Use this to test your","// code against changes to 3rd party API.","'bloody',","","// Allow outbound HTTP requests, replay captured responses.  This mode is","// particularly useful when new code makes new requests, but unstable yet and","// you don't want these requests saved.","'cheat',","","// Allow outbound HTTP requests, capture responses for future replay.  This","// mode allows you to capture and record new requests, e.g. when adding tests","// or making code changes.","'record',","","// Do not allow outbound HTTP requests, replay captured responses.  This is","// the default mode and the one most useful for running tests","'replay'];","","// This is the standard mode for running tests","const DEFAULT_MODE = 'replay';","","// Headers that are recorded/matched during replay.","const MATCH_HEADERS = [/^accept/, /^authorization/, /^body/, /^content-type/, /^host/, /^if-/, /^x-/];","","// Instance properties:","//","// catalog   - The catalog is responsible for loading pre-recorded responses","//             into memory, from where they can be replayed, and storing captured responses.","//","// chain     - The proxy chain.  Essentially an array of handlers through which","//             each request goes, and concludes when the last handler returns a","//             response.","//","// headers   - Only these headers are matched when recording/replaying.  A list","//             of regular expressions.","//","// fixtures  - Main directory for replay fixtures.","//","// mode      - The mode we're running in, see MODES.","class Replay extends EventEmitter {","","  constructor(mode) {","    if (!~MODES.indexOf(mode)) throw new Error(`Unsupported mode '${ mode }', must be one of ${ MODES.join(', ') }.`);","","    super();","    this.mode = mode;","    this.chain = new Chain();","","    // Localhost servers: pass request to localhost","    this._localhosts = new Set(['localhost', '127.0.0.1', '::1']);","    // Pass through requests to these servers","    this._passThrough = new Set();","    // Dropp connections to these servers","    this._dropped = new Set();","","    this.catalog = new Catalog(this);","    this.headers = MATCH_HEADERS;","","    // Automatically emit connection errors and such, also prevent process from crashing","    this.on('error', function (error) {","      debug(`Replay: ${ error.message || error }`);","    });","  }","","  // Addes a proxy to the beginning of the processing chain, so it executes ahead of any existing proxy.","  //","  // Example","  //     replay.use(replay.logger())","  use(proxy) {","    this.chain.prepend(proxy);","    return this;","  }","","  // Pass through all requests to these hosts","  passThrough() {","    for (var _len = arguments.length, hosts = Array(_len), _key = 0; _key < _len; _key++) {","      hosts[_key] = arguments[_key];","    }","","    this.reset.apply(this, hosts);","    for (let host of hosts) this._passThrough.add(host);","    return this;","  }","","  // True to pass through requests to this host","  isPassThrough(host) {","    const domain = host.replace(/^[^.]+/, '*');","    return !!(this._passThrough.has(host) || this._passThrough.has(domain) || this._passThrough.has(`*.${ host }`));","  }","","  // Do not allow network access to these hosts (drop connection)","  drop() {","    for (var _len2 = arguments.length, hosts = Array(_len2), _key2 = 0; _key2 < _len2; _key2++) {","      hosts[_key2] = arguments[_key2];","    }","","    this.reset.apply(this, hosts);","    for (let host of hosts) this._dropped.add(host);","    return this;","  }","","  // True if this host is on the dropped list","  isDropped(host) {","    const domain = host.replace(/^[^.]+/, '*');","    return !!(this._dropped.has(host) || this._dropped.has(domain) || this._dropped.has(`*.${ host }`));","  }","","  // Treats this host as localhost: requests are routed directly to 127.0.0.1, no","  // replay.  Useful when you want to send requests to the test server using its","  // production host name.","  localhost() {","    for (var _len3 = arguments.length, hosts = Array(_len3), _key3 = 0; _key3 < _len3; _key3++) {","      hosts[_key3] = arguments[_key3];","    }","","    this.reset.apply(this, hosts);","    for (let host of hosts) this._localhosts.add(host);","    return this;","  }","","  // True if this host should be treated as localhost.","  isLocalhost(host) {","    const domain = host.replace(/^[^.]+/, '*');","    return !!(this._localhosts.has(host) || this._localhosts.has(domain) || this._localhosts.has(`*.${ host }`));","  }","","  // Use this when you want to exclude host from dropped/pass-through/localhost","  reset() {","    for (var _len4 = arguments.length, hosts = Array(_len4), _key4 = 0; _key4 < _len4; _key4++) {","      hosts[_key4] = arguments[_key4];","    }","","    for (let host of hosts) {","      this._localhosts.delete(host);","      this._passThrough.delete(host);","      this._dropped.delete(host);","    }","    return this;","  }","","  get fixtures() {","    return this.catalog.getFixturesDir();","  }","","  set fixtures(dir) {","    // Clears loaded fixtures, and updates to new dir","    this.catalog.setFixturesDir(dir);","  }","","}","","const replay = new Replay(process.env.REPLAY || DEFAULT_MODE);","","function passWhenBloodyOrCheat(request) {","  return replay.isPassThrough(request.url.hostname) || replay.mode === 'cheat' && !replay.isDropped(request.url.hostname);","}","","function passToLocalhost(request) {","  return replay.isLocalhost(request.url.hostname) || replay.mode === 'bloody';","}","","// The default processing chain (from first to last):","// - Pass through requests to localhost","// - Log request to console is `deubg` is true","// - Replay recorded responses","// - Pass through requests in bloody and cheat modes","replay.use(passThrough(passWhenBloodyOrCheat)).use(recorder(replay)).use(logger(replay)).use(passThrough(passToLocalhost));","","module.exports = replay;","","// These must come last since they need module.exports to exist","require('./patch_http_request');","require('./patch_dns_lookup');","//# sourceMappingURL=index.js.map",""],"l":{"6":2,"7":2,"8":2,"10":2,"12":2,"14":2,"15":2,"16":2,"19":2,"39":2,"42":2,"62":2,"64":2,"65":2,"66":2,"69":2,"71":2,"73":2,"75":2,"76":0,"79":0,"80":0,"89":0,"90":0,"95":0,"96":0,"99":0,"100":0,"101":0,"106":0,"107":0,"112":0,"113":0,"116":0,"117":0,"118":0,"123":0,"124":0,"131":0,"132":0,"135":0,"136":0,"137":0,"142":0,"143":0,"148":0,"149":0,"152":0,"153":0,"154":0,"155":0,"157":0,"161":0,"166":0,"171":2,"173":1,"174":0,"177":1,"178":0,"186":0,"188":0,"191":0,"192":0}},"/home/travis/build/npmtest/node-npmtest-replay/node_modules/replay/lib/catalog.js":{"path":"/home/travis/build/npmtest/node-npmtest-replay/node_modules/replay/lib/catalog.js","s":{"1":1,"2":1,"3":0,"4":0,"5":0,"6":0,"7":0,"8":0,"9":0,"10":0,"11":0,"12":0,"13":0,"14":0,"15":0,"16":0,"17":0,"18":0,"19":0,"20":1,"21":0,"22":0,"23":0,"24":0,"25":0,"26":1,"27":0,"28":1,"29":1,"30":1,"31":1,"32":1,"33":1,"34":1,"35":0,"36":0,"37":0,"38":0,"39":0,"40":0,"41":0,"42":1,"43":0,"44":0,"45":0,"46":0,"47":0,"48":0,"49":0,"50":0,"51":0,"52":0,"53":0,"54":0,"55":0,"56":0,"57":0,"58":0,"59":0,"60":0,"61":0,"62":1,"63":0,"64":0,"65":0,"66":0,"67":0,"68":0,"69":0,"70":0,"71":0,"72":0,"73":0,"74":0,"75":0,"76":0,"77":0,"78":0,"79":0,"80":0,"81":0,"82":0,"83":0,"84":0,"85":0,"86":0,"87":0,"88":0,"89":0,"90":0,"91":0,"92":0,"93":1,"94":0,"95":0,"96":0,"97":0,"98":0,"99":0,"100":0,"101":0,"102":0,"103":0,"104":0,"105":0,"106":0,"107":0,"108":0,"109":0,"110":0,"111":0,"112":0,"113":1,"114":0,"115":0,"116":0,"117":0,"118":0,"119":0,"120":0,"121":0,"122":1,"123":0,"124":0,"125":0,"126":0,"127":0,"128":0,"129":0,"130":0,"131":0,"132":1,"133":0,"134":0,"135":0,"136":0,"137":1,"138":2,"139":2,"140":2,"141":0,"142":0,"143":0,"144":0,"145":0,"146":0,"147":0,"148":0,"149":0,"150":0,"151":0,"152":0,"153":0,"154":0,"155":0,"156":0,"157":0,"158":0,"159":0,"160":0,"161":0,"162":0,"163":0,"164":0,"165":0,"166":0,"167":0,"168":0,"169":0,"170":0,"171":0,"172":0,"173":0,"174":0,"175":0,"176":0,"177":0,"178":0,"179":0,"180":0,"181":0,"182":0,"183":0,"184":0,"185":0,"186":0,"187":0,"188":0,"189":0,"190":0,"191":0,"192":0,"193":0,"194":0,"195":0,"196":0,"197":0,"198":0,"199":0,"200":0,"201":0},"b":{"1":[0,0],"2":[0,0],"3":[0,0],"4":[0,0],"5":[0,0],"6":[0,0],"7":[0,0],"8":[0,0],"9":[0,0],"10":[0,0],"11":[0,0],"12":[0,0],"13":[0,0],"14":[0,0],"15":[0,0],"16":[0,0],"17":[0,0],"18":[0,0],"19":[0,0],"20":[0,0],"21":[0,0],"22":[0,0,0],"23":[0,0],"24":[0,0],"25":[0,0],"26":[0,0],"27":[0,0],"28":[0,0],"29":[0,0],"30":[0,0],"31":[0,0],"32":[0,0],"33":[0,0],"34":[0,0],"35":[0,0],"36":[0,0],"37":[0,0],"38":[0,0],"39":[0,0],"40":[0,0],"41":[0,0]},"f":{"1":1,"2":0,"3":0,"4":0,"5":0,"6":0,"7":0,"8":0,"9":0,"10":0,"11":0,"12":0,"13":2,"14":0,"15":0,"16":0,"17":0,"18":0,"19":0,"20":0},"fnMap":{"1":{"name":"(anonymous_1)","line":3,"loc":{"start":{"line":3,"column":21},"end":{"line":3,"column":33}}},"2":{"name":"sliceIterator","line":3,"loc":{"start":{"line":3,"column":35},"end":{"line":3,"column":66}}},"3":{"name":"(anonymous_3)","line":3,"loc":{"start":{"line":3,"column":436},"end":{"line":3,"column":454}}},"4":{"name":"_toArray","line":5,"loc":{"start":{"line":5,"column":0},"end":{"line":5,"column":23}}},"5":{"name":"mkpathSync","line":14,"loc":{"start":{"line":14,"column":0},"end":{"line":14,"column":30}}},"6":{"name":"parseHeaders","line":26,"loc":{"start":{"line":26,"column":0},"end":{"line":26,"column":45}}},"7":{"name":"parseRequest","line":49,"loc":{"start":{"line":49,"column":0},"end":{"line":49,"column":57}}},"8":{"name":"parseResponse","line":98,"loc":{"start":{"line":98,"column":0},"end":{"line":98,"column":49}}},"9":{"name":"(anonymous_9)","line":113,"loc":{"start":{"line":113,"column":42},"end":{"line":113,"column":65}}},"10":{"name":"readAndInitialParseFile","line":129,"loc":{"start":{"line":129,"column":0},"end":{"line":129,"column":43}}},"11":{"name":"writeHeaders","line":143,"loc":{"start":{"line":143,"column":0},"end":{"line":143,"column":37}}},"12":{"name":"match","line":154,"loc":{"start":{"line":154,"column":0},"end":{"line":154,"column":30}}},"13":{"name":"(anonymous_13)","line":161,"loc":{"start":{"line":161,"column":13},"end":{"line":161,"column":24}}},"14":{"name":"(anonymous_14)","line":168,"loc":{"start":{"line":168,"column":16},"end":{"line":168,"column":19}}},"15":{"name":"(anonymous_15)","line":172,"loc":{"start":{"line":172,"column":16},"end":{"line":172,"column":22}}},"16":{"name":"(anonymous_16)","line":177,"loc":{"start":{"line":177,"column":6},"end":{"line":177,"column":13}}},"17":{"name":"(anonymous_17)","line":206,"loc":{"start":{"line":206,"column":6},"end":{"line":206,"column":42}}},"18":{"name":"(anonymous_18)","line":220,"loc":{"start":{"line":220,"column":19},"end":{"line":220,"column":31}}},"19":{"name":"(anonymous_19)","line":242,"loc":{"start":{"line":242,"column":15},"end":{"line":242,"column":27}}},"20":{"name":"(anonymous_20)","line":250,"loc":{"start":{"line":250,"column":7},"end":{"line":250,"column":18}}}},"statementMap":{"1":{"start":{"line":3,"column":0},"end":{"line":3,"column":664}},"2":{"start":{"line":3,"column":35},"end":{"line":3,"column":428}},"3":{"start":{"line":3,"column":68},"end":{"line":3,"column":82}},"4":{"start":{"line":3,"column":83},"end":{"line":3,"column":97}},"5":{"start":{"line":3,"column":98},"end":{"line":3,"column":113}},"6":{"start":{"line":3,"column":114},"end":{"line":3,"column":133}},"7":{"start":{"line":3,"column":134},"end":{"line":3,"column":413}},"8":{"start":{"line":3,"column":140},"end":{"line":3,"column":283}},"9":{"start":{"line":3,"column":226},"end":{"line":3,"column":246}},"10":{"start":{"line":3,"column":247},"end":{"line":3,"column":281}},"11":{"start":{"line":3,"column":275},"end":{"line":3,"column":281}},"12":{"start":{"line":3,"column":300},"end":{"line":3,"column":310}},"13":{"start":{"line":3,"column":311},"end":{"line":3,"column":320}},"14":{"start":{"line":3,"column":333},"end":{"line":3,"column":411}},"15":{"start":{"line":3,"column":339},"end":{"line":3,"column":379}},"16":{"start":{"line":3,"column":364},"end":{"line":3,"column":379}},"17":{"start":{"line":3,"column":392},"end":{"line":3,"column":409}},"18":{"start":{"line":3,"column":400},"end":{"line":3,"column":409}},"19":{"start":{"line":3,"column":414},"end":{"line":3,"column":426}},"20":{"start":{"line":3,"column":429},"end":{"line":3,"column":659}},"21":{"start":{"line":3,"column":456},"end":{"line":3,"column":656}},"22":{"start":{"line":3,"column":482},"end":{"line":3,"column":493}},"23":{"start":{"line":3,"column":501},"end":{"line":3,"column":656}},"24":{"start":{"line":3,"column":539},"end":{"line":3,"column":568}},"25":{"start":{"line":3,"column":578},"end":{"line":3,"column":654}},"26":{"start":{"line":5,"column":0},"end":{"line":5,"column":77}},"27":{"start":{"line":5,"column":25},"end":{"line":5,"column":75}},"28":{"start":{"line":7,"column":0},"end":{"line":7,"column":33}},"29":{"start":{"line":8,"column":0},"end":{"line":8,"column":33}},"30":{"start":{"line":9,"column":0},"end":{"line":9,"column":27}},"31":{"start":{"line":10,"column":0},"end":{"line":10,"column":29}},"32":{"start":{"line":11,"column":0},"end":{"line":11,"column":37}},"33":{"start":{"line":12,"column":0},"end":{"line":12,"column":51}},"34":{"start":{"line":14,"column":0},"end":{"line":21,"column":1}},"35":{"start":{"line":15,"column":2},"end":{"line":15,"column":40}},"36":{"start":{"line":15,"column":33},"end":{"line":15,"column":40}},"37":{"start":{"line":16,"column":2},"end":{"line":16,"column":40}},"38":{"start":{"line":17,"column":2},"end":{"line":20,"column":3}},"39":{"start":{"line":17,"column":31},"end":{"line":17,"column":56}},"40":{"start":{"line":18,"column":4},"end":{"line":18,"column":23}},"41":{"start":{"line":19,"column":4},"end":{"line":19,"column":29}},"42":{"start":{"line":26,"column":0},"end":{"line":47,"column":1}},"43":{"start":{"line":27,"column":2},"end":{"line":27,"column":87}},"44":{"start":{"line":29,"column":2},"end":{"line":29,"column":38}},"45":{"start":{"line":30,"column":2},"end":{"line":45,"column":3}},"46":{"start":{"line":31,"column":4},"end":{"line":31,"column":30}},"47":{"start":{"line":31,"column":21},"end":{"line":31,"column":30}},"48":{"start":{"line":33,"column":4},"end":{"line":33,"column":68}},"49":{"start":{"line":35,"column":4},"end":{"line":35,"column":66}},"50":{"start":{"line":37,"column":4},"end":{"line":37,"column":37}},"51":{"start":{"line":38,"column":4},"end":{"line":38,"column":38}},"52":{"start":{"line":40,"column":4},"end":{"line":40,"column":45}},"53":{"start":{"line":40,"column":36},"end":{"line":40,"column":45}},"54":{"start":{"line":42,"column":4},"end":{"line":42,"column":43}},"55":{"start":{"line":43,"column":4},"end":{"line":43,"column":59}},"56":{"start":{"line":44,"column":4},"end":{"line":44,"column":148}},"57":{"start":{"line":44,"column":37},"end":{"line":44,"column":62}},"58":{"start":{"line":44,"column":67},"end":{"line":44,"column":148}},"59":{"start":{"line":44,"column":85},"end":{"line":44,"column":122}},"60":{"start":{"line":44,"column":127},"end":{"line":44,"column":148}},"61":{"start":{"line":46,"column":2},"end":{"line":46,"column":17}},"62":{"start":{"line":49,"column":0},"end":{"line":96,"column":1}},"63":{"start":{"line":50,"column":2},"end":{"line":50,"column":59}},"64":{"start":{"line":52,"column":2},"end":{"line":52,"column":43}},"65":{"start":{"line":54,"column":2},"end":{"line":54,"column":49}},"66":{"start":{"line":56,"column":2},"end":{"line":56,"column":43}},"67":{"start":{"line":58,"column":2},"end":{"line":58,"column":47}},"68":{"start":{"line":60,"column":2},"end":{"line":60,"column":13}},"69":{"start":{"line":61,"column":2},"end":{"line":61,"column":11}},"70":{"start":{"line":62,"column":2},"end":{"line":62,"column":16}},"71":{"start":{"line":63,"column":2},"end":{"line":63,"column":13}},"72":{"start":{"line":64,"column":2},"end":{"line":89,"column":3}},"73":{"start":{"line":65,"column":4},"end":{"line":65,"column":63}},"74":{"start":{"line":67,"column":4},"end":{"line":67,"column":72}},"75":{"start":{"line":69,"column":4},"end":{"line":69,"column":38}},"76":{"start":{"line":70,"column":4},"end":{"line":70,"column":41}},"77":{"start":{"line":72,"column":4},"end":{"line":72,"column":79}},"78":{"start":{"line":74,"column":4},"end":{"line":74,"column":74}},"79":{"start":{"line":76,"column":4},"end":{"line":76,"column":47}},"80":{"start":{"line":77,"column":4},"end":{"line":77,"column":44}},"81":{"start":{"line":79,"column":4},"end":{"line":79,"column":47}},"82":{"start":{"line":83,"column":4},"end":{"line":83,"column":58}},"83":{"start":{"line":85,"column":4},"end":{"line":85,"column":73}},"84":{"start":{"line":87,"column":4},"end":{"line":87,"column":38}},"85":{"start":{"line":88,"column":4},"end":{"line":88,"column":36}},"86":{"start":{"line":89,"column":3},"end":{"line":89,"column":91}},"87":{"start":{"line":90,"column":2},"end":{"line":90,"column":72}},"88":{"start":{"line":91,"column":2},"end":{"line":91,"column":70}},"89":{"start":{"line":92,"column":2},"end":{"line":92,"column":28}},"90":{"start":{"line":93,"column":2},"end":{"line":93,"column":22}},"91":{"start":{"line":94,"column":2},"end":{"line":94,"column":29}},"92":{"start":{"line":95,"column":2},"end":{"line":95,"column":68}},"93":{"start":{"line":98,"column":0},"end":{"line":127,"column":1}},"94":{"start":{"line":99,"column":2},"end":{"line":126,"column":3}},"95":{"start":{"line":100,"column":4},"end":{"line":100,"column":47}},"96":{"start":{"line":102,"column":4},"end":{"line":102,"column":53}},"97":{"start":{"line":104,"column":4},"end":{"line":104,"column":43}},"98":{"start":{"line":106,"column":4},"end":{"line":106,"column":50}},"99":{"start":{"line":108,"column":4},"end":{"line":108,"column":74}},"100":{"start":{"line":109,"column":4},"end":{"line":109,"column":33}},"101":{"start":{"line":110,"column":4},"end":{"line":110,"column":50}},"102":{"start":{"line":111,"column":4},"end":{"line":111,"column":46}},"103":{"start":{"line":112,"column":4},"end":{"line":112,"column":56}},"104":{"start":{"line":113,"column":4},"end":{"line":124,"column":11}},"105":{"start":{"line":114,"column":6},"end":{"line":114,"column":47}},"106":{"start":{"line":116,"column":6},"end":{"line":116,"column":60}},"107":{"start":{"line":118,"column":6},"end":{"line":118,"column":37}},"108":{"start":{"line":119,"column":6},"end":{"line":119,"column":38}},"109":{"start":{"line":121,"column":6},"end":{"line":121,"column":21}},"110":{"start":{"line":122,"column":6},"end":{"line":122,"column":22}},"111":{"start":{"line":123,"column":6},"end":{"line":123,"column":17}},"112":{"start":{"line":125,"column":4},"end":{"line":125,"column":171}},"113":{"start":{"line":129,"column":0},"end":{"line":138,"column":1}},"114":{"start":{"line":130,"column":2},"end":{"line":130,"column":45}},"115":{"start":{"line":131,"column":2},"end":{"line":131,"column":54}},"116":{"start":{"line":132,"column":2},"end":{"line":137,"column":41}},"117":{"start":{"line":133,"column":4},"end":{"line":133,"column":48}},"118":{"start":{"line":134,"column":4},"end":{"line":134,"column":48}},"119":{"start":{"line":135,"column":4},"end":{"line":135,"column":65}},"120":{"start":{"line":136,"column":4},"end":{"line":136,"column":38}},"121":{"start":{"line":137,"column":9},"end":{"line":137,"column":41}},"122":{"start":{"line":143,"column":0},"end":{"line":151,"column":1}},"123":{"start":{"line":144,"column":2},"end":{"line":144,"column":87}},"124":{"start":{"line":146,"column":2},"end":{"line":150,"column":3}},"125":{"start":{"line":147,"column":4},"end":{"line":147,"column":30}},"126":{"start":{"line":148,"column":4},"end":{"line":148,"column":45}},"127":{"start":{"line":148,"column":36},"end":{"line":148,"column":45}},"128":{"start":{"line":149,"column":4},"end":{"line":149,"column":134}},"129":{"start":{"line":149,"column":30},"end":{"line":149,"column":91}},"130":{"start":{"line":149,"column":54},"end":{"line":149,"column":91}},"131":{"start":{"line":149,"column":96},"end":{"line":149,"column":134}},"132":{"start":{"line":154,"column":0},"end":{"line":157,"column":1}},"133":{"start":{"line":155,"column":2},"end":{"line":155,"column":65}},"134":{"start":{"line":155,"column":30},"end":{"line":155,"column":65}},"135":{"start":{"line":155,"column":53},"end":{"line":155,"column":65}},"136":{"start":{"line":156,"column":2},"end":{"line":156,"column":15}},"137":{"start":{"line":159,"column":0},"end":{"line":266,"column":2}},"138":{"start":{"line":162,"column":4},"end":{"line":162,"column":29}},"139":{"start":{"line":164,"column":4},"end":{"line":164,"column"
[...]
:6},"end":{"line":12,"column":78}},"8":{"start":{"line":14,"column":4},"end":{"line":16,"column":7}},"9":{"start":{"line":15,"column":6},"end":{"line":15,"column":32}},"10":{"start":{"line":17,"column":4},"end":{"line":17,"column":15}}},"branchMap":{},"code":["'use strict';","","// Request handler that logs all request to the console when DEBUG=reply","","const debug = require('./debug');","const URL = require('url');","","module.exports = function logger() {","  return function (request, callback) {","    debug(`Requesting ${ request.method } ${ URL.format(request.url) }`);","    request.on('response', function (response) {","      debug(`Received ${ response.statusCode } ${ URL.format(request.url) }`);","    });","    request.on('error', function (error) {","      debug(`Error ${ error }`);","    });","    callback();","  };","};","//# sourceMappingURL=logger.js.map",""],"l":{"5":1,"6":1,"8":1,"9":0,"10":0,"11":0,"12":0,"14":0,"15":0,"17":0}},"/home/travis/build/npmtest/node-npmtest-replay/node_modules/replay/lib/pass_through.js":{"path":"/home/travis/build/npmtest/node-npmtest-replay/node_modules/replay/lib/pass_through.js","s":{"1":1,"2":1,"3":1,"4":0,"5":0,"6":0,"7":0,"8":0,"9":0,"10":0,"11":0,"12":0,"13":0,"14":0,"15":0,"16":0,"17":0,"18":0,"19":0,"20":0,"21":0,"22":0,"23":0,"24":0,"25":0,"26":0,"27":0,"28":0,"29":0,"30":0,"31":0,"32":0,"33":0,"34":0},"b":{"1":[0,0],"2":[0,0],"3":[0,0],"4":[0,0],"5":[0,0],"6":[0,0]},"f":{"1":0,"2":0,"3":0,"4":0,"5":0},"fnMap":{"1":{"name":"passThrough","line":7,"loc":{"start":{"line":7,"column":17},"end":{"line":7,"column":59}}},"2":{"name":"(anonymous_2)","line":16,"loc":{"start":{"line":16,"column":9},"end":{"line":16,"column":38}}},"3":{"name":"(anonymous_3)","line":32,"loc":{"start":{"line":32,"column":26},"end":{"line":32,"column":46}}},"4":{"name":"(anonymous_4)","line":41,"loc":{"start":{"line":41,"column":28},"end":{"line":41,"column":55}}},"5":{"name":"(anonymous_5)","line":44,"loc":{"start":{"line":44,"column":27},"end":{"line":44,"column":39}}}},"statementMap":{"1":{"start":{"line":3,"column":0},"end":{"line":3,"column":29}},"2":{"start":{"line":5,"column":0},"end":{"line":5,"column":41}},"3":{"start":{"line":7,"column":0},"end":{"line":55,"column":2}},"4":{"start":{"line":8,"column":2},"end":{"line":14,"column":3}},"5":{"start":{"line":8,"column":30},"end":{"line":8,"column":63}},"6":{"start":{"line":8,"column":58},"end":{"line":8,"column":62}},"7":{"start":{"line":8,"column":68},"end":{"line":14,"column":3}},"8":{"start":{"line":9,"column":4},"end":{"line":9,"column":41}},"9":{"start":{"line":10,"column":4},"end":{"line":10,"column":67}},"10":{"start":{"line":10,"column":37},"end":{"line":10,"column":66}},"11":{"start":{"line":11,"column":9},"end":{"line":14,"column":3}},"12":{"start":{"line":12,"column":4},"end":{"line":12,"column":41}},"13":{"start":{"line":13,"column":4},"end":{"line":13,"column":39}},"14":{"start":{"line":13,"column":32},"end":{"line":13,"column":38}},"15":{"start":{"line":16,"column":2},"end":{"line":54,"column":4}},"16":{"start":{"line":17,"column":4},"end":{"line":53,"column":22}},"17":{"start":{"line":18,"column":6},"end":{"line":27,"column":8}},"18":{"start":{"line":29,"column":6},"end":{"line":29,"column":46}},"19":{"start":{"line":30,"column":6},"end":{"line":30,"column":63}},"20":{"start":{"line":30,"column":28},"end":{"line":30,"column":63}},"21":{"start":{"line":31,"column":6},"end":{"line":31,"column":33}},"22":{"start":{"line":32,"column":6},"end":{"line":49,"column":9}},"23":{"start":{"line":33,"column":8},"end":{"line":40,"column":10}},"24":{"start":{"line":41,"column":8},"end":{"line":43,"column":11}},"25":{"start":{"line":42,"column":10},"end":{"line":42,"column":48}},"26":{"start":{"line":44,"column":8},"end":{"line":48,"column":11}},"27":{"start":{"line":45,"column":10},"end":{"line":45,"column":48}},"28":{"start":{"line":46,"column":10},"end":{"line":46,"column":54}},"29":{"start":{"line":47,"column":10},"end":{"line":47,"column":35}},"30":{"start":{"line":51,"column":6},"end":{"line":51,"column":84}},"31":{"start":{"line":51,"column":24},"end":{"line":51,"column":84}},"32":{"start":{"line":51,"column":55},"end":{"line":51,"column":84}},"33":{"start":{"line":52,"column":6},"end":{"line":52,"column":17}},"34":{"start":{"line":53,"column":11},"end":{"line":53,"column":22}}},"branchMap":{"1":{"line":8,"type":"if","locations":[{"start":{"line":8,"column":2},"end":{"line":8,"column":2}},{"start":{"line":8,"column":2},"end":{"line":8,"column":2}}]},"2":{"line":8,"type":"if","locations":[{"start":{"line":8,"column":68},"end":{"line":8,"column":68}},{"start":{"line":8,"column":68},"end":{"line":8,"column":68}}]},"3":{"line":11,"type":"if","locations":[{"start":{"line":11,"column":9},"end":{"line":11,"column":9}},{"start":{"line":11,"column":9},"end":{"line":11,"column":9}}]},"4":{"line":17,"type":"if","locations":[{"start":{"line":17,"column":4},"end":{"line":17,"column":4}},{"start":{"line":17,"column":4},"end":{"line":17,"column":4}}]},"5":{"line":30,"type":"if","locations":[{"start":{"line":30,"column":6},"end":{"line":30,"column":6}},{"start":{"line":30,"column":6},"end":{"line":30,"column":6}}]},"6":{"line":51,"type":"if","locations":[{"start":{"line":51,"column":6},"end":{"line":51,"column":6}},{"start":{"line":51,"column":6},"end":{"line":51,"column":6}}]}},"code":["'use strict';","","const HTTP = require('http');","","const ClientRequest = HTTP.ClientRequest;","","module.exports = function passThrough(passThroughFunction) {","  if (arguments.length === 0) passThroughFunction = () => true;else if (typeof passThrough === 'string') {","    const hostname = passThroughFunction;","    passThroughFunction = request => request.hostname === hostname;","  } else if (typeof passThroughFunction !== 'function') {","    const truthy = !!passThroughFunction;","    passThroughFunction = () => truthy;","  }","","  return function (request, callback) {","    if (passThroughFunction(request)) {","      const options = {","        protocol: request.url.protocol,","        hostname: request.url.hostname,","        port: request.url.port,","        path: request.url.path,","        method: request.method,","        headers: request.headers,","        agent: request.agent,","        auth: request.auth","      };","","      const http = new ClientRequest(options);","      if (request.trailers) http.addTrailers(request.trailers);","      http.on('error', callback);","      http.on('response', function (response) {","        const captured = {","          version: response.httpVersion,","          statusCode: response.statusCode,","          statusMessage: response.statusMessage,","          headers: response.headers,","          rawHeaders: response.rawHeaders,","          body: []","        };","        response.on('data', function (chunk, encoding) {","          captured.body.push([chunk, encoding]);","        });","        response.on('end', function () {","          captured.trailers = response.trailers;","          captured.rawTrailers = response.rawTrailers;","          callback(null, captured);","        });","      });","","      if (request.body) for (let part of request.body) http.write(part[0], part[1]);","      http.end();","    } else callback();","  };","};","//# sourceMappingURL=pass_through.js.map",""],"l":{"3":1,"5":1,"7":1,"8":0,"9":0,"10":0,"11":0,"12":0,"13":0,"16":0,"17":0,"18":0,"29":0,"30":0,"31":0,"32":0,"33":0,"41":0,"42":0,"44":0,"45":0,"46":0,"47":0,"51":0,"52":0,"53":0}},"/home/travis/build/npmtest/node-npmtest-replay/node_modules/replay/lib/recorder.js":{"path":"/home/travis/build/npmtest/node-npmtest-replay/node_modules/replay/lib/recorder.js","s":{"1":1,"2":1,"3":0,"4":0,"5":0,"6":0,"7":0,"8":0,"9":0,"10":0,"11":0,"12":0,"13":0,"14":0,"15":0,"16":0,"17":0,"18":0,"19":0,"20":0,"21":0,"22":0,"23":0,"24":0,"25":0,"26":0,"27":0,"28":0,"29":0,"30":0,"31":0,"32":0,"33":0,"34":0},"b":{"1":[0,0],"2":[0,0],"3":[0,0],"4":[0,0],"5":[0,0],"6":[0,0],"7":[0,0]},"f":{"1":0,"2":0,"3":0,"4":0},"fnMap":{"1":{"name":"recorded","line":5,"loc":{"start":{"line":5,"column":17},"end":{"line":5,"column":45}}},"2":{"name":"(anonymous_2)","line":10,"loc":{"start":{"line":10,"column":9},"end":{"line":10,"column":38}}},"3":{"name":"(anonymous_3)","line":42,"loc":{"start":{"line":42,"column":23},"end":{"line":42,"column":50}}},"4":{"name":"(anonymous_4)","line":43,"loc":{"start":{"line":43,"column":78},"end":{"line":43,"column":99}}}},"statementMap":{"1":{"start":{"line":3,"column":0},"end":{"line":3,"column":46}},"2":{"start":{"line":5,"column":0},"end":{"line":53,"column":2}},"3":{"start":{"line":6,"column":2},"end":{"line":6,"column":35}},"4":{"start":{"line":8,"column":2},"end":{"line":8,"column":36}},"5":{"start":{"line":10,"column":2},"end":{"line":52,"column":4}},"6":{"start":{"line":11,"column":4},"end":{"line":11,"column":36}},"7":{"start":{"line":12,"column":4},"end":{"line":12,"column":96}},"8":{"start":{"line":12,"column":55},"end":{"line":12,"column":96}},"9":{"start":{"line":15,"column":4},"end":{"line":29,"column":5}},"10":{"start":{"line":16,"column":6},"end":{"line":16,"column":42}},"11":{"start":{"line":17,"column":6},"end":{"line":23,"column":7}},"12":{"start":{"line":17,"column":20},"end":{"line":23,"column":7}},"13":{"start":{"line":18,"column":8},"end":{"line":18,"column":40}},"14":{"start":{"line":19,"column":8},"end":{"line":22,"column":9}},"15":{"start":{"line":20,"column":10},"end":{"line":20,"column":35}},"16":{"start":{"line":21,"column":10},"end":{"line":21,"column":17}},"17":{"start":{"line":25,"column":6},"end":{"line":25,"column":37}},"18":{"start":{"line":26,"column":6},"end":{"line":26,"column":32}},"19":{"start":{"line":27,"column":6},"end":{"line":27,"column":22}},"20":{"start":{"line":28,"column":6},"end":{"line":28,"column":13}},"21":{"start":{"line":32,"column":4},"end":{"line":38,"column":5}},"22":{"start":{"line":33,"column":6},"end":{"line":33,"column":63}},"23":{"start":{"line":34,"column":6},"end":{"line":34,"column":52}},"24":{"start":{"line":35,"column":6},"end":{"line":35,"column":34}},"25":{"start":{"line":36,"column":6},"end":{"line":36,"column":24}},"26":{"start":{"line":37,"column":6},"end":{"line":37,"column":13}},"27":{"start":{"line":41,"column":4},"end":{"line":48,"column":5}},"28":{"start":{"line":42,"column":6},"end":{"line":46,"column":9}},"29":{"start":{"line":43,"column":8},"end":{"line":45,"column":11}},"30":{"start":{"line":43,"column":19},"end":{"line":43,"column":35}},"31":{"start":{"line":43,"column":40},"end":{"line":45,"column":11}},"32":{"start":{"line":44,"column":10},"end":{"line":44,"column":40}},"33":{"start":{"line":47,"column":6},"end":{"line":47,"column":13}},"34":{"start":{"line":51,"column":4},"end":{"line":51,"column":15}}},"branchMap":{"1":{"line":12,"type":"if","locations":[{"start":{"line":12,"column":4},"end":{"line":12,"column":4}},{"start":{"line":12,"column":4},"end":{"line":12,"column":4}}]},"2":{"line":12,"type":"binary-expr","locations":[{"start":{"line":12,"column":8},"end":{"line":12,"column":24}},{"start":{"line":12,"column":28},"end":{"line":12,"column":53}}]},"3":{"line":17,"type":"if","locations":[{"start":{"line":17,"column":6},"end":{"line":17,"column":6}},{"start":{"line":17,"column":6},"end":{"line":17,"column":6}}]},"4":{"line":19,"type":"if","locations":[{"start":{"line":19,"column":8},"end":{"line":19,"column":8}},{"start":{"line":19,"column":8},"end":{"line":19,"column":8}}]},"5":{"line":32,"type":"if","locations":[{"start":{"line":32,"column":4},"end":{"line":32,"column":4}},{"start":{"line":32,"column":4},"end":{"line":32,"column":4}}]},"6":{"line":41,"type":"if","locations":[{"start":{"line":41,"column":4},"end":{"line":41,"column":4}},{"start":{"line":41,"column":4},"end":{"line":41,"column":4}}]},"7":{"line":43,"type":"if","locations":[{"start":{"line":43,"column":8},"end":{"line":43,"column":8}},{"start":{"line":43,"column":8},"end":{"line":43,"column":8}}]}},"code":["'use strict';","","const passThrough = require('./pass_through');","","module.exports = function recorded(settings) {","  const catalog = settings.catalog;","","  const capture = passThrough(true);","","  return function (request, callback) {","    let host = request.url.hostname;","    if (request.url.port && request.url.port !== '80') host = `${ host }:${ request.url.port }`;","","    // Look for a matching response and replay it.","    try {","      const matchers = catalog.find(host);","      if (matchers) for (let matcher of matchers) {","        let response = matcher(request);","        if (response) {","          callback(null, response);","          return;","        }","      }","    } catch (error) {","      error.code = 'CORRUPT FIXTURE';","      error.syscall = 'connect';","      callback(error);","      return;","    }","","    // Do not record this host.","    if (settings.isDropped(request.url.hostname)) {","      const refused = new Error('Error: connect ECONNREFUSED');","      refused.code = refused.errno = 'ECONNREFUSED';","      refused.syscall = 'connect';","      callback(refused);","      return;","    }","","    // In recording mode capture the response and store it.","    if (settings.mode === 'record') {","      capture(request, function (error, response) {","        if (error) callback(error);else catalog.save(host, request, response, function (saveError) {","          callback(saveError, response);","        });","      });","      return;","    }","","    // Not in recording mode, pass control to the next proxy.","    callback();","  };","};","//# sourceMappingURL=recorder.js.map",""],"l":{"3":1,"5":1,"6":0,"8":0,"10":0,"11":0,"12":0,"15":0,"16":0,"17":0,"18":0,"19":0,"20":0,"21":0,"25":0,"26":0,"27":0,"28":0,"32":0,"33":0,"34":0,"35":0,"36":0,"37":0,"41":0,"42":0,"43":0,"44":0,"47":0,"51":0}},"/home/travis/build/npmtest/node-npmtest-replay/node_modules/replay/Gulpfile.js":{"path":"/home/travis/build/npmtest/node-npmtest-replay/node_modules/replay/Gulpfile.js","s":{"1":2,"2":2,"3":0,"4":0,"5":0,"6":0,"7":0,"8":0,"9":0,"10":0,"11":0,"12":0,"13":0,"14":0,"15":0,"16":0,"17":0,"18":0,"19":0,"20":0,"21":0,"22":0,"23":0,"24":0,"25":0,"26":0,"27":0,"28":0,"29":0,"30":0,"31":0,"32":0,"33":0},"b":{},"f":{"1":0,"2":0,"3":0,"4":0,"5":0,"6":0},"fnMap":{"1":{"name":"(anonymous_1)","line":18,"loc":{"start":{"line":18,"column":18},"end":{"line":18,"column":30}}},"2":{"name":"(anonymous_2)","line":27,"loc":{"start":{"line":27,"column":38},"end":{"line":27,"column":49}}},"3":{"name":"(anonymous_3)","line":42,"loc":{"start":{"line":42,"column":19},"end":{"line":42,"column":34}}},"4":{"name":"(anonymous_4)","line":48,"loc":{"start":{"line":48,"column":30},"end":{"line":48,"column":41}}},"5":{"name":"(anonymous_5)","line":54,"loc":{"start":{"line":54,"column":30},"end":{"line":54,"column":41}}},"6":{"name":"(anonymous_6)","line":69,"loc":{"start":{"line":69,"column":21},"end":{"line":69,"column":32}}}},"statementMap":{"1":{"start":{"line":1,"column":0},"end":{"line":1,"column":38}},"2":{"start":{"line":2,"column":0},"end":{"line":2,"column":35}},"3":{"start":{"line":3,"column":0},"end":{"line":3,"column":43}},"4":{"start":{"line":4,"column":0},"end":{"line":4,"column":41}},"5":{"start":{"line":5,"column":0},"end":{"line":5,"column":34}},"6":{"start":{"line":6,"column":0},"end":{"line":6,"column":36}},"7":{"start":{"line":7,"column":0},"end":{"line":7,"column":41}},"8":{"start":{"line":8,"column":0},"end":{"line":8,"column":43}},"9":{"start":{"line":9,"column":0},"end":{"line":9,"column":47}},"10":{"start":{"line":10,"column":0},"end":{"line":10,"column":42}},"11":{"start":{"line":14,"column":0},"end":{"line":14,"column":32}},"12":{"start":{"line":18,"column":0},"end":{"line":23,"column":3}},"13":{"start":{"line":19,"column":2},"end":{"line":22,"column":32}},"14":{"start":{"line":27,"column":0},"end":{"line":38,"column":3}},"15":{"start":{"line":28,"column":2},"end":{"line":37,"column":8}},"16":{"start":{"line":42,"column":0},"end":{"line":44,"column":3}},"17":{"start":{"line":43,"column":2},"end":{"line":43,"column":22}},"18":{"start":{"line":48,"column":0},"end":{"line":50,"column":3}},"19":{"start":{"line":49,"column":2},"end":{"line":49,"column":52}},"20":{"start":{"line":54,"column":0},"end":{"line":65,"column":3}},"21":{"start":{"line":55,"column":2},"end":{"line":55,"column":52}},"22":{"start":{"line":56,"column":2},"end":{"line":56,"column":32}},"23":{"start":{"line":58,"column":2},"end":{"line":58,"column":41}},"24":{"start":{"line":59,"column":2},"end":{"line":64,"column":44}},"25":{"start":{"line":69,"column":0},"end":{"line":80,"column":3}},"26":{"start":{"line":70,"column":2},"end":{"line":70,"column":54}},"27":{"start":{"line":71,"column":2},"end":{"line":71,"column":63}},"28":{"start":{"line":72,"column":2},"end":{"line":72,"column":76}},"29":{"start":{"line":74,"column":2},"end":{"line":74,"column":69}},"30":{"start":{"line":75,"column":2},"end":{"line":75,"column":87}},"31":{"start":{"line":77,"column":2},"end":{"line":77,"column":36}},"32":{"start":{"line":78,"column":2},"end":{"line":78,"column":69}},"33":{"start":{"line":79,"column":2},"end":{"line":79,"column":42}}},"branchMap":{},"code":["const assert      = require('assert');","const del         = require('del');","const eslint      = require('gulp-eslint');","const exec        = require('gulp-exec');","const File        = require('fs');","const gulp        = require('gulp');","const gutil       = require('gulp-util');","const notify      = require('gulp-notify');","const sourcemaps  = require('gulp-sourcemaps');","const babel       = require('gulp-babel');","","","// gulp -> gulp watch","gulp.task('default', ['watch']);","","","// gulp lint -> errors if code dirty","gulp.task('lint', function () {","  return gulp.src([ 'js/**/*.js', 'test/*.js' ])","    .pipe(eslint())","    .pipe(eslint.formatEach())","    .pipe(eslint.failOnError());","});","","","// gulp build -> compile coffee script","gulp.task('build', ['clean', 'lint'], function() {","  return gulp","    .src('src/**/*.js')","    .pipe(sourcemaps.init())","    .pipe(babel())","    .pipe(sourcemaps.write('.'))","    .pipe(gulp.dest('lib'))","    .pipe(notify({","      message: 'Zombie: built!',","      onLast:  true","    }));","});","","","// gulp clean -> clean generated files","gulp.task('clean', function(done) {","  return del(['lib']);","});","","","// gulp watch -> watch for changes and compile","gulp.task('watch', ['build'], function() {","  return gulp.watch('src/*.js', ['clean', 'build']);","});","","","// gulp tag -> Tag this release","gulp.task('tag', ['changes'], function() {","  const version = require('./package.json').version;","  const tag     = 'v' + version;","","  gutil.log('Tagging this release', tag);","  return gulp.src('.changes')","    .pipe( exec('git add package.json CHANGELOG.md') )","    .pipe( exec('git commit --allow-empty -m \"Version ' + version + '\"') )","    .pipe( exec('git tag ' + tag + ' --file .changes') )","    .pipe( exec('git push origin ' + tag) )","    .pipe( exec('git push origin master') );","});","","// Generate a change log summary for this release","// git tag uses the generated .changes file","gulp.task('changes', function() {","  const version   = require('./package.json').version;","  const changelog = File.readFileSync('CHANGELOG.md', 'utf-8');","  const match     = changelog.match(/^## Version (.*) .*\\n([\\S\\s]+?)\\n##/m);","","  assert(match, 'CHANGELOG.md missing entry: ## Version ' + version);","  assert.equal(match[1], version, 'CHANGELOG.md missing entry for version ' + version);","","  const changes   = match[2].trim();","  assert(changes, 'CHANGELOG.md empty entry for version ' + version);","  File.writeFileSync('.changes', changes);","});","","",""],"l":{"1":2,"2":2,"3":0,"4":0,"5":0,"6":0,"7":0,"8":0,"9":0,"10":0,"14":0,"18":0,"19":0,"27":0,"28":0,"42":0,"43":0,"48":0,"49":0,"54":0,"55":0,"56":0,"58":0,"59":0,"69":0,"70":0,"71":0,"72":0,"74":0,"75":0,"77":0,"78":0,"79":0}}}